14:54:36 INFO  tests.TestBase - Method loginPositiveTestThree is started
14:54:36 INFO  manager.WdListener - Start searching element ---> By.xpath: //a[.=' Logout ']
14:54:41 INFO  manager.WdListener - Element with locator ---> By.xpath: //a[.=' Logout '] is found
14:54:41 INFO  manager.WdListener - Start searching element ---> By.xpath: //a[.=' Log in ']
14:54:41 INFO  manager.WdListener - Element with locator ---> By.xpath: //a[.=' Log in '] is found
14:54:41 INFO  manager.WdListener - Start searching element ---> By.xpath: //input[@id='email']
14:54:41 INFO  manager.WdListener - Element with locator ---> By.xpath: //input[@id='email'] is found
14:54:41 INFO  manager.WdListener - Start searching element ---> By.xpath: //input[@id='password']
14:54:41 INFO  manager.WdListener - Element with locator ---> By.xpath: //input[@id='password'] is found
14:54:41 INFO  manager.WdListener - Start searching element ---> By.xpath: //*[.='Yâ€™alla!']
14:54:46 INFO  manager.WdListener - Something went wrong!
14:54:46 INFO  manager.WdListener - no such element: Unable to locate element: {"method":"xpath","selector":"//*[.='Yâ€™alla!']"}
  (Session info: chrome=114.0.5735.199)
For documentation on this error, please visit: https://www.seleniumhq.org/exceptions/no_such_element.html
Build info: version: '3.141.59', revision: 'e82be7d358', time: '2018-11-14T08:17:03'
System info: host: 'DESKTOP-0SQU6JC', ip: '192.168.68.58', os.name: 'Windows 11', os.arch: 'amd64', os.version: '10.0', java.version: '1.8.0_333'
Driver info: org.openqa.selenium.chrome.ChromeDriver
Capabilities {acceptInsecureCerts: false, browserName: chrome, browserVersion: 114.0.5735.199, chrome: {chromedriverVersion: 114.0.5735.90 (386bc09e8f4f..., userDataDir: C:\Users\joker\AppData\Loca...}, goog:chromeOptions: {debuggerAddress: localhost:51319}, javascriptEnabled: true, networkConnectionEnabled: false, pageLoadStrategy: normal, platform: WINDOWS, platformName: WINDOWS, proxy: Proxy(), setWindowRect: true, strictFileInteractability: false, timeouts: {implicit: 0, pageLoad: 300000, script: 30000}, unhandledPromptBehavior: dismiss and notify, webauthn:extension:credBlob: true, webauthn:extension:largeBlob: true, webauthn:extension:minPinLength: true, webauthn:extension:prf: true, webauthn:virtualAuthenticators: true}
Session ID: e1d42616fc86de990163d43f08fefbea
*** Element info: {Using=xpath, value=//*[.='Yâ€™alla!']}
14:54:46 INFO  manager.WdListener - org.openqa.selenium.NoSuchElementException: no such element: Unable to locate element: {"method":"xpath","selector":"//*[.='Yâ€™alla!']"}
  (Session info: chrome=114.0.5735.199)
For documentation on this error, please visit: https://www.seleniumhq.org/exceptions/no_such_element.html
Build info: version: '3.141.59', revision: 'e82be7d358', time: '2018-11-14T08:17:03'
System info: host: 'DESKTOP-0SQU6JC', ip: '192.168.68.58', os.name: 'Windows 11', os.arch: 'amd64', os.version: '10.0', java.version: '1.8.0_333'
Driver info: org.openqa.selenium.chrome.ChromeDriver
Capabilities {acceptInsecureCerts: false, browserName: chrome, browserVersion: 114.0.5735.199, chrome: {chromedriverVersion: 114.0.5735.90 (386bc09e8f4f..., userDataDir: C:\Users\joker\AppData\Loca...}, goog:chromeOptions: {debuggerAddress: localhost:51319}, javascriptEnabled: true, networkConnectionEnabled: false, pageLoadStrategy: normal, platform: WINDOWS, platformName: WINDOWS, proxy: Proxy(), setWindowRect: true, strictFileInteractability: false, timeouts: {implicit: 0, pageLoad: 300000, script: 30000}, unhandledPromptBehavior: dismiss and notify, webauthn:extension:credBlob: true, webauthn:extension:largeBlob: true, webauthn:extension:minPinLength: true, webauthn:extension:prf: true, webauthn:virtualAuthenticators: true}
Session ID: e1d42616fc86de990163d43f08fefbea
*** Element info: {Using=xpath, value=//*[.='Yâ€™alla!']}
14:54:46 INFO  manager.WdListener - This is a link to screenshot with error ---> src/test/screenshots/screen-3286.png
14:54:46 INFO  manager.WdListener - Start searching element ---> By.xpath: //button[.='Ok']
14:54:51 INFO  manager.WdListener - Something went wrong!
14:54:51 INFO  manager.WdListener - no such element: Unable to locate element: {"method":"xpath","selector":"//button[.='Ok']"}
  (Session info: chrome=114.0.5735.199)
For documentation on this error, please visit: https://www.seleniumhq.org/exceptions/no_such_element.html
Build info: version: '3.141.59', revision: 'e82be7d358', time: '2018-11-14T08:17:03'
System info: host: 'DESKTOP-0SQU6JC', ip: '192.168.68.58', os.name: 'Windows 11', os.arch: 'amd64', os.version: '10.0', java.version: '1.8.0_333'
Driver info: org.openqa.selenium.chrome.ChromeDriver
Capabilities {acceptInsecureCerts: false, browserName: chrome, browserVersion: 114.0.5735.199, chrome: {chromedriverVersion: 114.0.5735.90 (386bc09e8f4f..., userDataDir: C:\Users\joker\AppData\Loca...}, goog:chromeOptions: {debuggerAddress: localhost:51319}, javascriptEnabled: true, networkConnectionEnabled: false, pageLoadStrategy: normal, platform: WINDOWS, platformName: WINDOWS, proxy: Proxy(), setWindowRect: true, strictFileInteractability: false, timeouts: {implicit: 0, pageLoad: 300000, script: 30000}, unhandledPromptBehavior: dismiss and notify, webauthn:extension:credBlob: true, webauthn:extension:largeBlob: true, webauthn:extension:minPinLength: true, webauthn:extension:prf: true, webauthn:virtualAuthenticators: true}
Session ID: e1d42616fc86de990163d43f08fefbea
*** Element info: {Using=xpath, value=//button[.='Ok']}
14:54:51 INFO  manager.WdListener - org.openqa.selenium.NoSuchElementException: no such element: Unable to locate element: {"method":"xpath","selector":"//button[.='Ok']"}
  (Session info: chrome=114.0.5735.199)
For documentation on this error, please visit: https://www.seleniumhq.org/exceptions/no_such_element.html
Build info: version: '3.141.59', revision: 'e82be7d358', time: '2018-11-14T08:17:03'
System info: host: 'DESKTOP-0SQU6JC', ip: '192.168.68.58', os.name: 'Windows 11', os.arch: 'amd64', os.version: '10.0', java.version: '1.8.0_333'
Driver info: org.openqa.selenium.chrome.ChromeDriver
Capabilities {acceptInsecureCerts: false, browserName: chrome, browserVersion: 114.0.5735.199, chrome: {chromedriverVersion: 114.0.5735.90 (386bc09e8f4f..., userDataDir: C:\Users\joker\AppData\Loca...}, goog:chromeOptions: {debuggerAddress: localhost:51319}, javascriptEnabled: true, networkConnectionEnabled: false, pageLoadStrategy: normal, platform: WINDOWS, platformName: WINDOWS, proxy: Proxy(), setWindowRect: true, strictFileInteractability: false, timeouts: {implicit: 0, pageLoad: 300000, script: 30000}, unhandledPromptBehavior: dismiss and notify, webauthn:extension:credBlob: true, webauthn:extension:largeBlob: true, webauthn:extension:minPinLength: true, webauthn:extension:prf: true, webauthn:virtualAuthenticators: true}
Session ID: e1d42616fc86de990163d43f08fefbea
*** Element info: {Using=xpath, value=//button[.='Ok']}
14:54:52 INFO  manager.WdListener - This is a link to screenshot with error ---> src/test/screenshots/screen-3291.png
