14:30:48 INFO  manager.ApplicationManager - Tests start on Chrome
14:30:51 INFO  tests.TestBase - Method registrationNegativeLastNameBlank is started
14:30:51 INFO  manager.WdListener - Start searching element ---> By.xpath: //a[.=' Logout ']
14:30:56 INFO  manager.WdListener - Element with locator ---> By.xpath: //a[.=' Logout '] is found
14:30:56 INFO  manager.TestNgListener - Test registrationNegativeLastNameBlank started
14:30:56 INFO  manager.WdListener - Start searching element ---> By.xpath: //a[.=' Sign up ']
14:30:56 INFO  manager.WdListener - Element with locator ---> By.xpath: //a[.=' Sign up '] is found
14:30:56 INFO  manager.WdListener - Start searching element ---> By.xpath: //input[@id='name']
14:30:56 INFO  manager.WdListener - Element with locator ---> By.xpath: //input[@id='name'] is found
14:30:56 INFO  manager.WdListener - Start searching element ---> By.xpath: //input[@id='lastName']
14:30:56 INFO  manager.WdListener - Element with locator ---> By.xpath: //input[@id='lastName'] is found
14:30:57 INFO  manager.WdListener - Start searching element ---> By.xpath: //input[@id='email']
14:30:57 INFO  manager.WdListener - Element with locator ---> By.xpath: //input[@id='email'] is found
14:30:57 INFO  manager.WdListener - Start searching element ---> By.xpath: //input[@id='password']
14:30:57 INFO  manager.WdListener - Element with locator ---> By.xpath: //input[@id='password'] is found
14:30:57 INFO  manager.WdListener - Start searching element ---> By.cssSelector: div.checkbox-container
14:30:57 INFO  manager.WdListener - Element with locator ---> By.cssSelector: div.checkbox-container is found
14:30:57 INFO  manager.WdListener - Start searching element ---> By.xpath: //button[@type='submit']
14:30:57 INFO  manager.WdListener - Element with locator ---> By.xpath: //button[@type='submit'] is found
14:30:57 INFO  manager.WdListener - Start searching element ---> By.xpath: //h1[contains(text(),'failed')]
14:30:58 INFO  manager.WdListener - Element with locator ---> By.xpath: //h1[contains(text(),'failed')] is found
14:30:58 INFO  manager.TestNgListener - Test registrationNegativeLastNameBlank successful
14:30:58 INFO  manager.WdListener - Start searching element ---> By.xpath: //button[.='Ok']
14:30:58 INFO  manager.WdListener - Element with locator ---> By.xpath: //button[.='Ok'] is found
14:30:58 INFO  manager.WdListener - Start searching element ---> By.xpath: //button[.='Ok']
14:30:58 INFO  manager.WdListener - Element with locator ---> By.xpath: //button[.='Ok'] is found
14:30:58 INFO  tests.TestBase - ================================================================
14:30:58 INFO  tests.TestBase - Method registrationNegativeNameBlank is started
14:30:58 INFO  manager.WdListener - Start searching element ---> By.xpath: //a[.=' Logout ']
14:31:03 INFO  manager.WdListener - Element with locator ---> By.xpath: //a[.=' Logout '] is found
14:31:03 INFO  manager.TestNgListener - Test registrationNegativeNameBlank started
14:31:03 INFO  manager.WdListener - Start searching element ---> By.xpath: //a[.=' Sign up ']
14:31:03 INFO  manager.WdListener - Element with locator ---> By.xpath: //a[.=' Sign up '] is found
14:31:03 INFO  manager.WdListener - Start searching element ---> By.xpath: //input[@id='name']
14:31:03 INFO  manager.WdListener - Element with locator ---> By.xpath: //input[@id='name'] is found
14:31:04 INFO  manager.WdListener - Start searching element ---> By.xpath: //input[@id='lastName']
14:31:04 INFO  manager.WdListener - Element with locator ---> By.xpath: //input[@id='lastName'] is found
14:31:04 INFO  manager.WdListener - Start searching element ---> By.xpath: //input[@id='email']
14:31:04 INFO  manager.WdListener - Element with locator ---> By.xpath: //input[@id='email'] is found
14:31:04 INFO  manager.WdListener - Start searching element ---> By.xpath: //input[@id='password']
14:31:04 INFO  manager.WdListener - Element with locator ---> By.xpath: //input[@id='password'] is found
14:31:04 INFO  manager.WdListener - Start searching element ---> By.cssSelector: div.checkbox-container
14:31:04 INFO  manager.WdListener - Element with locator ---> By.cssSelector: div.checkbox-container is found
14:31:04 INFO  manager.WdListener - Something went wrong!
14:31:04 INFO  manager.WdListener - move target out of bounds
  (Session info: chrome=115.0.5790.99)
Build info: version: '3.141.59', revision: 'e82be7d358', time: '2018-11-14T08:17:03'
System info: host: 'DESKTOP-0SQU6JC', ip: '192.168.43.58', os.name: 'Windows 11', os.arch: 'amd64', os.version: '10.0', java.version: '1.8.0_333'
Driver info: org.openqa.selenium.chrome.ChromeDriver
Capabilities {acceptInsecureCerts: false, browserName: chrome, browserVersion: 115.0.5790.99, chrome: {chromedriverVersion: 114.0.5735.90 (386bc09e8f4f..., userDataDir: C:\Users\joker\AppData\Loca...}, goog:chromeOptions: {debuggerAddress: localhost:50698}, javascriptEnabled: true, networkConnectionEnabled: false, pageLoadStrategy: normal, platform: WINDOWS, platformName: WINDOWS, proxy: Proxy(), setWindowRect: true, strictFileInteractability: false, timeouts: {implicit: 0, pageLoad: 300000, script: 30000}, unhandledPromptBehavior: dismiss and notify, webauthn:extension:credBlob: true, webauthn:extension:largeBlob: true, webauthn:extension:minPinLength: true, webauthn:extension:prf: true, webauthn:virtualAuthenticators: true}
Session ID: d2bc463fa8c61a8f6f155b30dbd9f13a
14:31:04 INFO  manager.WdListener - org.openqa.selenium.interactions.MoveTargetOutOfBoundsException: move target out of bounds
  (Session info: chrome=115.0.5790.99)
Build info: version: '3.141.59', revision: 'e82be7d358', time: '2018-11-14T08:17:03'
System info: host: 'DESKTOP-0SQU6JC', ip: '192.168.43.58', os.name: 'Windows 11', os.arch: 'amd64', os.version: '10.0', java.version: '1.8.0_333'
Driver info: org.openqa.selenium.chrome.ChromeDriver
Capabilities {acceptInsecureCerts: false, browserName: chrome, browserVersion: 115.0.5790.99, chrome: {chromedriverVersion: 114.0.5735.90 (386bc09e8f4f..., userDataDir: C:\Users\joker\AppData\Loca...}, goog:chromeOptions: {debuggerAddress: localhost:50698}, javascriptEnabled: true, networkConnectionEnabled: false, pageLoadStrategy: normal, platform: WINDOWS, platformName: WINDOWS, proxy: Proxy(), setWindowRect: true, strictFileInteractability: false, timeouts: {implicit: 0, pageLoad: 300000, script: 30000}, unhandledPromptBehavior: dismiss and notify, webauthn:extension:credBlob: true, webauthn:extension:largeBlob: true, webauthn:extension:minPinLength: true, webauthn:extension:prf: true, webauthn:virtualAuthenticators: true}
Session ID: d2bc463fa8c61a8f6f155b30dbd9f13a
14:31:04 INFO  manager.WdListener - This is a link to screenshot with error ---> src/test/screenshots/screen-1864.png
14:31:04 INFO  manager.TestNgListener - Test registrationNegativeNameBlank failed : org.openqa.selenium.interactions.MoveTargetOutOfBoundsException: move target out of bounds
  (Session info: chrome=115.0.5790.99)
Build info: version: '3.141.59', revision: 'e82be7d358', time: '2018-11-14T08:17:03'
System info: host: 'DESKTOP-0SQU6JC', ip: '192.168.43.58', os.name: 'Windows 11', os.arch: 'amd64', os.version: '10.0', java.version: '1.8.0_333'
Driver info: org.openqa.selenium.chrome.ChromeDriver
Capabilities {acceptInsecureCerts: false, browserName: chrome, browserVersion: 115.0.5790.99, chrome: {chromedriverVersion: 114.0.5735.90 (386bc09e8f4f..., userDataDir: C:\Users\joker\AppData\Loca...}, goog:chromeOptions: {debuggerAddress: localhost:50698}, javascriptEnabled: true, networkConnectionEnabled: false, pageLoadStrategy: normal, platform: WINDOWS, platformName: WINDOWS, proxy: Proxy(), setWindowRect: true, strictFileInteractability: false, timeouts: {implicit: 0, pageLoad: 300000, script: 30000}, unhandledPromptBehavior: dismiss and notify, webauthn:extension:credBlob: true, webauthn:extension:largeBlob: true, webauthn:extension:minPinLength: true, webauthn:extension:prf: true, webauthn:virtualAuthenticators: true}
Session ID: d2bc463fa8c61a8f6f155b30dbd9f13a
14:31:04 INFO  manager.WdListener - Start searching element ---> By.xpath: //button[.='Ok']
14:31:09 INFO  manager.WdListener - Element with locator ---> By.xpath: //button[.='Ok'] is found
14:31:09 INFO  tests.TestBase - ================================================================
14:31:09 INFO  tests.TestBase - Method registrationNegativeWrongEmail is started
14:31:09 INFO  manager.WdListener - Start searching element ---> By.xpath: //a[.=' Logout ']
14:31:14 INFO  manager.WdListener - Element with locator ---> By.xpath: //a[.=' Logout '] is found
14:31:14 INFO  manager.TestNgListener - Test registrationNegativeWrongEmail started
14:31:14 INFO  manager.WdListener - Start searching element ---> By.xpath: //a[.=' Sign up ']
14:31:14 INFO  manager.WdListener - Element with locator ---> By.xpath: //a[.=' Sign up '] is found
14:31:14 INFO  manager.WdListener - Start searching element ---> By.xpath: //input[@id='name']
14:31:14 INFO  manager.WdListener - Element with locator ---> By.xpath: //input[@id='name'] is found
14:31:14 INFO  manager.WdListener - Start searching element ---> By.xpath: //input[@id='lastName']
14:31:14 INFO  manager.WdListener - Element with locator ---> By.xpath: //input[@id='lastName'] is found
14:31:14 INFO  manager.WdListener - Start searching element ---> By.xpath: //input[@id='email']
14:31:14 INFO  manager.WdListener - Element with locator ---> By.xpath: //input[@id='email'] is found
14:31:15 INFO  manager.WdListener - Start searching element ---> By.xpath: //input[@id='password']
14:31:15 INFO  manager.WdListener - Element with locator ---> By.xpath: //input[@id='password'] is found
14:31:15 INFO  manager.WdListener - Start searching element ---> By.cssSelector: div.checkbox-container
14:31:15 INFO  manager.WdListener - Element with locator ---> By.cssSelector: div.checkbox-container is found
14:31:15 INFO  manager.WdListener - Something went wrong!
14:31:15 INFO  manager.WdListener - move target out of bounds
  (Session info: chrome=115.0.5790.99)
Build info: version: '3.141.59', revision: 'e82be7d358', time: '2018-11-14T08:17:03'
System info: host: 'DESKTOP-0SQU6JC', ip: '192.168.43.58', os.name: 'Windows 11', os.arch: 'amd64', os.version: '10.0', java.version: '1.8.0_333'
Driver info: org.openqa.selenium.chrome.ChromeDriver
Capabilities {acceptInsecureCerts: false, browserName: chrome, browserVersion: 115.0.5790.99, chrome: {chromedriverVersion: 114.0.5735.90 (386bc09e8f4f..., userDataDir: C:\Users\joker\AppData\Loca...}, goog:chromeOptions: {debuggerAddress: localhost:50698}, javascriptEnabled: true, networkConnectionEnabled: false, pageLoadStrategy: normal, platform: WINDOWS, platformName: WINDOWS, proxy: Proxy(), setWindowRect: true, strictFileInteractability: false, timeouts: {implicit: 0, pageLoad: 300000, script: 30000}, unhandledPromptBehavior: dismiss and notify, webauthn:extension:credBlob: true, webauthn:extension:largeBlob: true, webauthn:extension:minPinLength: true, webauthn:extension:prf: true, webauthn:virtualAuthenticators: true}
Session ID: d2bc463fa8c61a8f6f155b30dbd9f13a
14:31:15 INFO  manager.WdListener - org.openqa.selenium.interactions.MoveTargetOutOfBoundsException: move target out of bounds
  (Session info: chrome=115.0.5790.99)
Build info: version: '3.141.59', revision: 'e82be7d358', time: '2018-11-14T08:17:03'
System info: host: 'DESKTOP-0SQU6JC', ip: '192.168.43.58', os.name: 'Windows 11', os.arch: 'amd64', os.version: '10.0', java.version: '1.8.0_333'
Driver info: org.openqa.selenium.chrome.ChromeDriver
Capabilities {acceptInsecureCerts: false, browserName: chrome, browserVersion: 115.0.5790.99, chrome: {chromedriverVersion: 114.0.5735.90 (386bc09e8f4f..., userDataDir: C:\Users\joker\AppData\Loca...}, goog:chromeOptions: {debuggerAddress: localhost:50698}, javascriptEnabled: true, networkConnectionEnabled: false, pageLoadStrategy: normal, platform: WINDOWS, platformName: WINDOWS, proxy: Proxy(), setWindowRect: true, strictFileInteractability: false, timeouts: {implicit: 0, pageLoad: 300000, script: 30000}, unhandledPromptBehavior: dismiss and notify, webauthn:extension:credBlob: true, webauthn:extension:largeBlob: true, webauthn:extension:minPinLength: true, webauthn:extension:prf: true, webauthn:virtualAuthenticators: true}
Session ID: d2bc463fa8c61a8f6f155b30dbd9f13a
14:31:15 INFO  manager.WdListener - This is a link to screenshot with error ---> src/test/screenshots/screen-1875.png
14:31:15 INFO  manager.TestNgListener - Test registrationNegativeWrongEmail failed : org.openqa.selenium.interactions.MoveTargetOutOfBoundsException: move target out of bounds
  (Session info: chrome=115.0.5790.99)
Build info: version: '3.141.59', revision: 'e82be7d358', time: '2018-11-14T08:17:03'
System info: host: 'DESKTOP-0SQU6JC', ip: '192.168.43.58', os.name: 'Windows 11', os.arch: 'amd64', os.version: '10.0', java.version: '1.8.0_333'
Driver info: org.openqa.selenium.chrome.ChromeDriver
Capabilities {acceptInsecureCerts: false, browserName: chrome, browserVersion: 115.0.5790.99, chrome: {chromedriverVersion: 114.0.5735.90 (386bc09e8f4f..., userDataDir: C:\Users\joker\AppData\Loca...}, goog:chromeOptions: {debuggerAddress: localhost:50698}, javascriptEnabled: true, networkConnectionEnabled: false, pageLoadStrategy: normal, platform: WINDOWS, platformName: WINDOWS, proxy: Proxy(), setWindowRect: true, strictFileInteractability: false, timeouts: {implicit: 0, pageLoad: 300000, script: 30000}, unhandledPromptBehavior: dismiss and notify, webauthn:extension:credBlob: true, webauthn:extension:largeBlob: true, webauthn:extension:minPinLength: true, webauthn:extension:prf: true, webauthn:virtualAuthenticators: true}
Session ID: d2bc463fa8c61a8f6f155b30dbd9f13a
14:31:15 INFO  manager.WdListener - Start searching element ---> By.xpath: //button[.='Ok']
14:31:20 INFO  manager.WdListener - Element with locator ---> By.xpath: //button[.='Ok'] is found
14:31:20 INFO  tests.TestBase - ================================================================
14:31:20 INFO  tests.TestBase - Method registrationNegativeWrongPassword is started
14:31:20 INFO  manager.WdListener - Start searching element ---> By.xpath: //a[.=' Logout ']
14:31:25 INFO  manager.WdListener - Element with locator ---> By.xpath: //a[.=' Logout '] is found
14:31:25 INFO  manager.TestNgListener - Test registrationNegativeWrongPassword started
14:31:25 INFO  manager.WdListener - Start searching element ---> By.xpath: //a[.=' Sign up ']
14:31:25 INFO  manager.WdListener - Element with locator ---> By.xpath: //a[.=' Sign up '] is found
14:31:25 INFO  manager.WdListener - Start searching element ---> By.xpath: //input[@id='name']
14:31:25 INFO  manager.WdListener - Element with locator ---> By.xpath: //input[@id='name'] is found
14:31:25 INFO  manager.WdListener - Start searching element ---> By.xpath: //input[@id='lastName']
14:31:25 INFO  manager.WdListener - Element with locator ---> By.xpath: //input[@id='lastName'] is found
14:31:25 INFO  manager.WdListener - Start searching element ---> By.xpath: //input[@id='email']
14:31:25 INFO  manager.WdListener - Element with locator ---> By.xpath: //input[@id='email'] is found
14:31:25 INFO  manager.WdListener - Start searching element ---> By.xpath: //input[@id='password']
14:31:25 INFO  manager.WdListener - Element with locator ---> By.xpath: //input[@id='password'] is found
14:31:25 INFO  manager.WdListener - Start searching element ---> By.cssSelector: div.checkbox-container
14:31:25 INFO  manager.WdListener - Element with locator ---> By.cssSelector: div.checkbox-container is found
14:31:25 INFO  manager.WdListener - Something went wrong!
14:31:25 INFO  manager.WdListener - move target out of bounds
  (Session info: chrome=115.0.5790.99)
Build info: version: '3.141.59', revision: 'e82be7d358', time: '2018-11-14T08:17:03'
System info: host: 'DESKTOP-0SQU6JC', ip: '192.168.43.58', os.name: 'Windows 11', os.arch: 'amd64', os.version: '10.0', java.version: '1.8.0_333'
Driver info: org.openqa.selenium.chrome.ChromeDriver
Capabilities {acceptInsecureCerts: false, browserName: chrome, browserVersion: 115.0.5790.99, chrome: {chromedriverVersion: 114.0.5735.90 (386bc09e8f4f..., userDataDir: C:\Users\joker\AppData\Loca...}, goog:chromeOptions: {debuggerAddress: localhost:50698}, javascriptEnabled: true, networkConnectionEnabled: false, pageLoadStrategy: normal, platform: WINDOWS, platformName: WINDOWS, proxy: Proxy(), setWindowRect: true, strictFileInteractability: false, timeouts: {implicit: 0, pageLoad: 300000, script: 30000}, unhandledPromptBehavior: dismiss and notify, webauthn:extension:credBlob: true, webauthn:extension:largeBlob: true, webauthn:extension:minPinLength: true, webauthn:extension:prf: true, webauthn:virtualAuthenticators: true}
Session ID: d2bc463fa8c61a8f6f155b30dbd9f13a
14:31:25 INFO  manager.WdListener - org.openqa.selenium.interactions.MoveTargetOutOfBoundsException: move target out of bounds
  (Session info: chrome=115.0.5790.99)
Build info: version: '3.141.59', revision: 'e82be7d358', time: '2018-11-14T08:17:03'
System info: host: 'DESKTOP-0SQU6JC', ip: '192.168.43.58', os.name: 'Windows 11', os.arch: 'amd64', os.version: '10.0', java.version: '1.8.0_333'
Driver info: org.openqa.selenium.chrome.ChromeDriver
Capabilities {acceptInsecureCerts: false, browserName: chrome, browserVersion: 115.0.5790.99, chrome: {chromedriverVersion: 114.0.5735.90 (386bc09e8f4f..., userDataDir: C:\Users\joker\AppData\Loca...}, goog:chromeOptions: {debuggerAddress: localhost:50698}, javascriptEnabled: true, networkConnectionEnabled: false, pageLoadStrategy: normal, platform: WINDOWS, platformName: WINDOWS, proxy: Proxy(), setWindowRect: true, strictFileInteractability: false, timeouts: {implicit: 0, pageLoad: 300000, script: 30000}, unhandledPromptBehavior: dismiss and notify, webauthn:extension:credBlob: true, webauthn:extension:largeBlob: true, webauthn:extension:minPinLength: true, webauthn:extension:prf: true, webauthn:virtualAuthenticators: true}
Session ID: d2bc463fa8c61a8f6f155b30dbd9f13a
14:31:26 INFO  manager.WdListener - This is a link to screenshot with error ---> src/test/screenshots/screen-1885.png
14:31:26 INFO  manager.TestNgListener - Test registrationNegativeWrongPassword failed : org.openqa.selenium.interactions.MoveTargetOutOfBoundsException: move target out of bounds
  (Session info: chrome=115.0.5790.99)
Build info: version: '3.141.59', revision: 'e82be7d358', time: '2018-11-14T08:17:03'
System info: host: 'DESKTOP-0SQU6JC', ip: '192.168.43.58', os.name: 'Windows 11', os.arch: 'amd64', os.version: '10.0', java.version: '1.8.0_333'
Driver info: org.openqa.selenium.chrome.ChromeDriver
Capabilities {acceptInsecureCerts: false, browserName: chrome, browserVersion: 115.0.5790.99, chrome: {chromedriverVersion: 114.0.5735.90 (386bc09e8f4f..., userDataDir: C:\Users\joker\AppData\Loca...}, goog:chromeOptions: {debuggerAddress: localhost:50698}, javascriptEnabled: true, networkConnectionEnabled: false, pageLoadStrategy: normal, platform: WINDOWS, platformName: WINDOWS, proxy: Proxy(), setWindowRect: true, strictFileInteractability: false, timeouts: {implicit: 0, pageLoad: 300000, script: 30000}, unhandledPromptBehavior: dismiss and notify, webauthn:extension:credBlob: true, webauthn:extension:largeBlob: true, webauthn:extension:minPinLength: true, webauthn:extension:prf: true, webauthn:virtualAuthenticators: true}
Session ID: d2bc463fa8c61a8f6f155b30dbd9f13a
14:31:26 INFO  manager.WdListener - Start searching element ---> By.xpath: //button[.='Ok']
14:31:31 INFO  manager.WdListener - Element with locator ---> By.xpath: //button[.='Ok'] is found
14:31:31 INFO  tests.TestBase - ================================================================
14:31:31 INFO  tests.TestBase - Method registrationPositive is started
14:31:31 INFO  manager.WdListener - Start searching element ---> By.xpath: //a[.=' Logout ']
14:31:36 INFO  manager.WdListener - Element with locator ---> By.xpath: //a[.=' Logout '] is found
14:31:36 INFO  manager.TestNgListener - Test registrationPositive started
14:31:36 INFO  manager.WdListener - Start searching element ---> By.xpath: //a[.=' Sign up ']
14:31:36 INFO  manager.WdListener - Element with locator ---> By.xpath: //a[.=' Sign up '] is found
14:31:36 INFO  tests.TestBase - openRegistrationForm invoked
14:31:36 INFO  manager.WdListener - Start searching element ---> By.xpath: //input[@id='name']
14:31:36 INFO  manager.WdListener - Element with locator ---> By.xpath: //input[@id='name'] is found
14:31:36 INFO  manager.WdListener - Start searching element ---> By.xpath: //input[@id='lastName']
14:31:36 INFO  manager.WdListener - Element with locator ---> By.xpath: //input[@id='lastName'] is found
14:31:36 INFO  manager.WdListener - Start searching element ---> By.xpath: //input[@id='email']
14:31:36 INFO  manager.WdListener - Element with locator ---> By.xpath: //input[@id='email'] is found
14:31:36 INFO  manager.WdListener - Start searching element ---> By.xpath: //input[@id='password']
14:31:36 INFO  manager.WdListener - Element with locator ---> By.xpath: //input[@id='password'] is found
14:31:36 INFO  manager.WdListener - Start searching element ---> By.cssSelector: div.checkbox-container
14:31:36 INFO  manager.WdListener - Element with locator ---> By.cssSelector: div.checkbox-container is found
14:31:36 INFO  manager.WdListener - Something went wrong!
14:31:36 INFO  manager.WdListener - move target out of bounds
  (Session info: chrome=115.0.5790.99)
Build info: version: '3.141.59', revision: 'e82be7d358', time: '2018-11-14T08:17:03'
System info: host: 'DESKTOP-0SQU6JC', ip: '192.168.43.58', os.name: 'Windows 11', os.arch: 'amd64', os.version: '10.0', java.version: '1.8.0_333'
Driver info: org.openqa.selenium.chrome.ChromeDriver
Capabilities {acceptInsecureCerts: false, browserName: chrome, browserVersion: 115.0.5790.99, chrome: {chromedriverVersion: 114.0.5735.90 (386bc09e8f4f..., userDataDir: C:\Users\joker\AppData\Loca...}, goog:chromeOptions: {debuggerAddress: localhost:50698}, javascriptEnabled: true, networkConnectionEnabled: false, pageLoadStrategy: normal, platform: WINDOWS, platformName: WINDOWS, proxy: Proxy(), setWindowRect: true, strictFileInteractability: false, timeouts: {implicit: 0, pageLoad: 300000, script: 30000}, unhandledPromptBehavior: dismiss and notify, webauthn:extension:credBlob: true, webauthn:extension:largeBlob: true, webauthn:extension:minPinLength: true, webauthn:extension:prf: true, webauthn:virtualAuthenticators: true}
Session ID: d2bc463fa8c61a8f6f155b30dbd9f13a
14:31:36 INFO  manager.WdListener - org.openqa.selenium.interactions.MoveTargetOutOfBoundsException: move target out of bounds
  (Session info: chrome=115.0.5790.99)
Build info: version: '3.141.59', revision: 'e82be7d358', time: '2018-11-14T08:17:03'
System info: host: 'DESKTOP-0SQU6JC', ip: '192.168.43.58', os.name: 'Windows 11', os.arch: 'amd64', os.version: '10.0', java.version: '1.8.0_333'
Driver info: org.openqa.selenium.chrome.ChromeDriver
Capabilities {acceptInsecureCerts: false, browserName: chrome, browserVersion: 115.0.5790.99, chrome: {chromedriverVersion: 114.0.5735.90 (386bc09e8f4f..., userDataDir: C:\Users\joker\AppData\Loca...}, goog:chromeOptions: {debuggerAddress: localhost:50698}, javascriptEnabled: true, networkConnectionEnabled: false, pageLoadStrategy: normal, platform: WINDOWS, platformName: WINDOWS, proxy: Proxy(), setWindowRect: true, strictFileInteractability: false, timeouts: {implicit: 0, pageLoad: 300000, script: 30000}, unhandledPromptBehavior: dismiss and notify, webauthn:extension:credBlob: true, webauthn:extension:largeBlob: true, webauthn:extension:minPinLength: true, webauthn:extension:prf: true, webauthn:virtualAuthenticators: true}
Session ID: d2bc463fa8c61a8f6f155b30dbd9f13a
14:31:36 INFO  manager.WdListener - This is a link to screenshot with error ---> src/test/screenshots/screen-1896.png
14:31:36 INFO  manager.TestNgListener - Test registrationPositive failed : org.openqa.selenium.interactions.MoveTargetOutOfBoundsException: move target out of bounds
  (Session info: chrome=115.0.5790.99)
Build info: version: '3.141.59', revision: 'e82be7d358', time: '2018-11-14T08:17:03'
System info: host: 'DESKTOP-0SQU6JC', ip: '192.168.43.58', os.name: 'Windows 11', os.arch: 'amd64', os.version: '10.0', java.version: '1.8.0_333'
Driver info: org.openqa.selenium.chrome.ChromeDriver
Capabilities {acceptInsecureCerts: false, browserName: chrome, browserVersion: 115.0.5790.99, chrome: {chromedriverVersion: 114.0.5735.90 (386bc09e8f4f..., userDataDir: C:\Users\joker\AppData\Loca...}, goog:chromeOptions: {debuggerAddress: localhost:50698}, javascriptEnabled: true, networkConnectionEnabled: false, pageLoadStrategy: normal, platform: WINDOWS, platformName: WINDOWS, proxy: Proxy(), setWindowRect: true, strictFileInteractability: false, timeouts: {implicit: 0, pageLoad: 300000, script: 30000}, unhandledPromptBehavior: dismiss and notify, webauthn:extension:credBlob: true, webauthn:extension:largeBlob: true, webauthn:extension:minPinLength: true, webauthn:extension:prf: true, webauthn:virtualAuthenticators: true}
Session ID: d2bc463fa8c61a8f6f155b30dbd9f13a
14:31:36 INFO  manager.WdListener - Start searching element ---> By.xpath: //button[.='Ok']
14:31:42 INFO  manager.WdListener - Element with locator ---> By.xpath: //button[.='Ok'] is found
14:31:42 INFO  tests.TestBase - ================================================================
14:31:42 INFO  tests.TestBase - Method registrationPositiveDTO is started
14:31:42 INFO  manager.WdListener - Start searching element ---> By.xpath: //a[.=' Logout ']
14:31:47 INFO  manager.WdListener - Element with locator ---> By.xpath: //a[.=' Logout '] is found
14:31:47 INFO  manager.TestNgListener - Test registrationPositiveDTO started
14:31:47 INFO  manager.WdListener - Start searching element ---> By.xpath: //a[.=' Sign up ']
14:31:47 INFO  manager.WdListener - Element with locator ---> By.xpath: //a[.=' Sign up '] is found
14:31:47 INFO  tests.TestBase - openRegistrationForm invoked
14:31:47 INFO  manager.WdListener - Start searching element ---> By.xpath: //input[@id='name']
14:31:47 INFO  manager.WdListener - Element with locator ---> By.xpath: //input[@id='name'] is found
14:31:47 INFO  manager.WdListener - Start searching element ---> By.xpath: //input[@id='lastName']
14:31:47 INFO  manager.WdListener - Element with locator ---> By.xpath: //input[@id='lastName'] is found
14:31:47 INFO  manager.WdListener - Start searching element ---> By.xpath: //input[@id='email']
14:31:47 INFO  manager.WdListener - Element with locator ---> By.xpath: //input[@id='email'] is found
14:31:47 INFO  manager.WdListener - Start searching element ---> By.xpath: //input[@id='password']
14:31:47 INFO  manager.WdListener - Element with locator ---> By.xpath: //input[@id='password'] is found
14:31:47 INFO  manager.WdListener - Start searching element ---> By.cssSelector: div.checkbox-container
14:31:47 INFO  manager.WdListener - Element with locator ---> By.cssSelector: div.checkbox-container is found
14:31:47 INFO  manager.WdListener - Something went wrong!
14:31:47 INFO  manager.WdListener - move target out of bounds
  (Session info: chrome=115.0.5790.99)
Build info: version: '3.141.59', revision: 'e82be7d358', time: '2018-11-14T08:17:03'
System info: host: 'DESKTOP-0SQU6JC', ip: '192.168.43.58', os.name: 'Windows 11', os.arch: 'amd64', os.version: '10.0', java.version: '1.8.0_333'
Driver info: org.openqa.selenium.chrome.ChromeDriver
Capabilities {acceptInsecureCerts: false, browserName: chrome, browserVersion: 115.0.5790.99, chrome: {chromedriverVersion: 114.0.5735.90 (386bc09e8f4f..., userDataDir: C:\Users\joker\AppData\Loca...}, goog:chromeOptions: {debuggerAddress: localhost:50698}, javascriptEnabled: true, networkConnectionEnabled: false, pageLoadStrategy: normal, platform: WINDOWS, platformName: WINDOWS, proxy: Proxy(), setWindowRect: true, strictFileInteractability: false, timeouts: {implicit: 0, pageLoad: 300000, script: 30000}, unhandledPromptBehavior: dismiss and notify, webauthn:extension:credBlob: true, webauthn:extension:largeBlob: true, webauthn:extension:minPinLength: true, webauthn:extension:prf: true, webauthn:virtualAuthenticators: true}
Session ID: d2bc463fa8c61a8f6f155b30dbd9f13a
14:31:47 INFO  manager.WdListener - org.openqa.selenium.interactions.MoveTargetOutOfBoundsException: move target out of bounds
  (Session info: chrome=115.0.5790.99)
Build info: version: '3.141.59', revision: 'e82be7d358', time: '2018-11-14T08:17:03'
System info: host: 'DESKTOP-0SQU6JC', ip: '192.168.43.58', os.name: 'Windows 11', os.arch: 'amd64', os.version: '10.0', java.version: '1.8.0_333'
Driver info: org.openqa.selenium.chrome.ChromeDriver
Capabilities {acceptInsecureCerts: false, browserName: chrome, browserVersion: 115.0.5790.99, chrome: {chromedriverVersion: 114.0.5735.90 (386bc09e8f4f..., userDataDir: C:\Users\joker\AppData\Loca...}, goog:chromeOptions: {debuggerAddress: localhost:50698}, javascriptEnabled: true, networkConnectionEnabled: false, pageLoadStrategy: normal, platform: WINDOWS, platformName: WINDOWS, proxy: Proxy(), setWindowRect: true, strictFileInteractability: false, timeouts: {implicit: 0, pageLoad: 300000, script: 30000}, unhandledPromptBehavior: dismiss and notify, webauthn:extension:credBlob: true, webauthn:extension:largeBlob: true, webauthn:extension:minPinLength: true, webauthn:extension:prf: true, webauthn:virtualAuthenticators: true}
Session ID: d2bc463fa8c61a8f6f155b30dbd9f13a
14:31:47 INFO  manager.WdListener - This is a link to screenshot with error ---> src/test/screenshots/screen-1907.png
14:31:47 INFO  manager.TestNgListener - Test registrationPositiveDTO failed : org.openqa.selenium.interactions.MoveTargetOutOfBoundsException: move target out of bounds
  (Session info: chrome=115.0.5790.99)
Build info: version: '3.141.59', revision: 'e82be7d358', time: '2018-11-14T08:17:03'
System info: host: 'DESKTOP-0SQU6JC', ip: '192.168.43.58', os.name: 'Windows 11', os.arch: 'amd64', os.version: '10.0', java.version: '1.8.0_333'
Driver info: org.openqa.selenium.chrome.ChromeDriver
Capabilities {acceptInsecureCerts: false, browserName: chrome, browserVersion: 115.0.5790.99, chrome: {chromedriverVersion: 114.0.5735.90 (386bc09e8f4f..., userDataDir: C:\Users\joker\AppData\Loca...}, goog:chromeOptions: {debuggerAddress: localhost:50698}, javascriptEnabled: true, networkConnectionEnabled: false, pageLoadStrategy: normal, platform: WINDOWS, platformName: WINDOWS, proxy: Proxy(), setWindowRect: true, strictFileInteractability: false, timeouts: {implicit: 0, pageLoad: 300000, script: 30000}, unhandledPromptBehavior: dismiss and notify, webauthn:extension:credBlob: true, webauthn:extension:largeBlob: true, webauthn:extension:minPinLength: true, webauthn:extension:prf: true, webauthn:virtualAuthenticators: true}
Session ID: d2bc463fa8c61a8f6f155b30dbd9f13a
14:31:47 INFO  manager.WdListener - Start searching element ---> By.xpath: //button[.='Ok']
14:31:52 INFO  manager.WdListener - Element with locator ---> By.xpath: //button[.='Ok'] is found
14:31:52 INFO  tests.TestBase - ================================================================
14:31:52 INFO  tests.TestBase - Method registrationPositiveDTO is started
14:31:52 INFO  manager.WdListener - Start searching element ---> By.xpath: //a[.=' Logout ']
14:31:57 INFO  manager.WdListener - Element with locator ---> By.xpath: //a[.=' Logout '] is found
14:31:57 INFO  manager.TestNgListener - Test registrationPositiveDTO started
14:31:57 INFO  manager.WdListener - Start searching element ---> By.xpath: //a[.=' Sign up ']
14:31:57 INFO  manager.WdListener - Element with locator ---> By.xpath: //a[.=' Sign up '] is found
14:31:57 INFO  tests.TestBase - openRegistrationForm invoked
14:31:57 INFO  manager.WdListener - Start searching element ---> By.xpath: //input[@id='name']
14:31:57 INFO  manager.WdListener - Element with locator ---> By.xpath: //input[@id='name'] is found
14:31:58 INFO  manager.WdListener - Start searching element ---> By.xpath: //input[@id='lastName']
14:31:58 INFO  manager.WdListener - Element with locator ---> By.xpath: //input[@id='lastName'] is found
14:31:58 INFO  manager.WdListener - Start searching element ---> By.xpath: //input[@id='email']
14:31:58 INFO  manager.WdListener - Element with locator ---> By.xpath: //input[@id='email'] is found
14:31:58 INFO  manager.WdListener - Start searching element ---> By.xpath: //input[@id='password']
14:31:58 INFO  manager.WdListener - Element with locator ---> By.xpath: //input[@id='password'] is found
14:31:58 INFO  manager.WdListener - Start searching element ---> By.cssSelector: div.checkbox-container
14:31:58 INFO  manager.WdListener - Element with locator ---> By.cssSelector: div.checkbox-container is found
14:31:58 INFO  manager.WdListener - Something went wrong!
14:31:58 INFO  manager.WdListener - move target out of bounds
  (Session info: chrome=115.0.5790.99)
Build info: version: '3.141.59', revision: 'e82be7d358', time: '2018-11-14T08:17:03'
System info: host: 'DESKTOP-0SQU6JC', ip: '192.168.43.58', os.name: 'Windows 11', os.arch: 'amd64', os.version: '10.0', java.version: '1.8.0_333'
Driver info: org.openqa.selenium.chrome.ChromeDriver
Capabilities {acceptInsecureCerts: false, browserName: chrome, browserVersion: 115.0.5790.99, chrome: {chromedriverVersion: 114.0.5735.90 (386bc09e8f4f..., userDataDir: C:\Users\joker\AppData\Loca...}, goog:chromeOptions: {debuggerAddress: localhost:50698}, javascriptEnabled: true, networkConnectionEnabled: false, pageLoadStrategy: normal, platform: WINDOWS, platformName: WINDOWS, proxy: Proxy(), setWindowRect: true, strictFileInteractability: false, timeouts: {implicit: 0, pageLoad: 300000, script: 30000}, unhandledPromptBehavior: dismiss and notify, webauthn:extension:credBlob: true, webauthn:extension:largeBlob: true, webauthn:extension:minPinLength: true, webauthn:extension:prf: true, webauthn:virtualAuthenticators: true}
Session ID: d2bc463fa8c61a8f6f155b30dbd9f13a
14:31:58 INFO  manager.WdListener - org.openqa.selenium.interactions.MoveTargetOutOfBoundsException: move target out of bounds
  (Session info: chrome=115.0.5790.99)
Build info: version: '3.141.59', revision: 'e82be7d358', time: '2018-11-14T08:17:03'
System info: host: 'DESKTOP-0SQU6JC', ip: '192.168.43.58', os.name: 'Windows 11', os.arch: 'amd64', os.version: '10.0', java.version: '1.8.0_333'
Driver info: org.openqa.selenium.chrome.ChromeDriver
Capabilities {acceptInsecureCerts: false, browserName: chrome, browserVersion: 115.0.5790.99, chrome: {chromedriverVersion: 114.0.5735.90 (386bc09e8f4f..., userDataDir: C:\Users\joker\AppData\Loca...}, goog:chromeOptions: {debuggerAddress: localhost:50698}, javascriptEnabled: true, networkConnectionEnabled: false, pageLoadStrategy: normal, platform: WINDOWS, platformName: WINDOWS, proxy: Proxy(), setWindowRect: true, strictFileInteractability: false, timeouts: {implicit: 0, pageLoad: 300000, script: 30000}, unhandledPromptBehavior: dismiss and notify, webauthn:extension:credBlob: true, webauthn:extension:largeBlob: true, webauthn:extension:minPinLength: true, webauthn:extension:prf: true, webauthn:virtualAuthenticators: true}
Session ID: d2bc463fa8c61a8f6f155b30dbd9f13a
14:31:58 INFO  manager.WdListener - This is a link to screenshot with error ---> src/test/screenshots/screen-1918.png
14:31:58 INFO  manager.TestNgListener - Test registrationPositiveDTO failed : org.openqa.selenium.interactions.MoveTargetOutOfBoundsException: move target out of bounds
  (Session info: chrome=115.0.5790.99)
Build info: version: '3.141.59', revision: 'e82be7d358', time: '2018-11-14T08:17:03'
System info: host: 'DESKTOP-0SQU6JC', ip: '192.168.43.58', os.name: 'Windows 11', os.arch: 'amd64', os.version: '10.0', java.version: '1.8.0_333'
Driver info: org.openqa.selenium.chrome.ChromeDriver
Capabilities {acceptInsecureCerts: false, browserName: chrome, browserVersion: 115.0.5790.99, chrome: {chromedriverVersion: 114.0.5735.90 (386bc09e8f4f..., userDataDir: C:\Users\joker\AppData\Loca...}, goog:chromeOptions: {debuggerAddress: localhost:50698}, javascriptEnabled: true, networkConnectionEnabled: false, pageLoadStrategy: normal, platform: WINDOWS, platformName: WINDOWS, proxy: Proxy(), setWindowRect: true, strictFileInteractability: false, timeouts: {implicit: 0, pageLoad: 300000, script: 30000}, unhandledPromptBehavior: dismiss and notify, webauthn:extension:credBlob: true, webauthn:extension:largeBlob: true, webauthn:extension:minPinLength: true, webauthn:extension:prf: true, webauthn:virtualAuthenticators: true}
Session ID: d2bc463fa8c61a8f6f155b30dbd9f13a
14:31:58 INFO  manager.WdListener - Start searching element ---> By.xpath: //button[.='Ok']
14:32:03 INFO  manager.WdListener - Element with locator ---> By.xpath: //button[.='Ok'] is found
14:32:03 INFO  tests.TestBase - ================================================================
14:32:03 INFO  tests.TestBase - Method registrationPositiveDTO is started
14:32:03 INFO  manager.WdListener - Start searching element ---> By.xpath: //a[.=' Logout ']
14:32:08 INFO  manager.WdListener - Element with locator ---> By.xpath: //a[.=' Logout '] is found
14:32:08 INFO  manager.TestNgListener - Test registrationPositiveDTO started
14:32:08 INFO  manager.WdListener - Start searching element ---> By.xpath: //a[.=' Sign up ']
14:32:08 INFO  manager.WdListener - Element with locator ---> By.xpath: //a[.=' Sign up '] is found
14:32:08 INFO  tests.TestBase - openRegistrationForm invoked
14:32:08 INFO  manager.WdListener - Start searching element ---> By.xpath: //input[@id='name']
14:32:08 INFO  manager.WdListener - Element with locator ---> By.xpath: //input[@id='name'] is found
14:32:08 INFO  manager.WdListener - Start searching element ---> By.xpath: //input[@id='lastName']
14:32:08 INFO  manager.WdListener - Element with locator ---> By.xpath: //input[@id='lastName'] is found
14:32:08 INFO  manager.WdListener - Start searching element ---> By.xpath: //input[@id='email']
14:32:08 INFO  manager.WdListener - Element with locator ---> By.xpath: //input[@id='email'] is found
14:32:08 INFO  manager.WdListener - Start searching element ---> By.xpath: //input[@id='password']
14:32:08 INFO  manager.WdListener - Element with locator ---> By.xpath: //input[@id='password'] is found
14:32:09 INFO  manager.WdListener - Start searching element ---> By.cssSelector: div.checkbox-container
14:32:09 INFO  manager.WdListener - Element with locator ---> By.cssSelector: div.checkbox-container is found
14:32:09 INFO  manager.WdListener - Something went wrong!
14:32:09 INFO  manager.WdListener - move target out of bounds
  (Session info: chrome=115.0.5790.99)
Build info: version: '3.141.59', revision: 'e82be7d358', time: '2018-11-14T08:17:03'
System info: host: 'DESKTOP-0SQU6JC', ip: '192.168.43.58', os.name: 'Windows 11', os.arch: 'amd64', os.version: '10.0', java.version: '1.8.0_333'
Driver info: org.openqa.selenium.chrome.ChromeDriver
Capabilities {acceptInsecureCerts: false, browserName: chrome, browserVersion: 115.0.5790.99, chrome: {chromedriverVersion: 114.0.5735.90 (386bc09e8f4f..., userDataDir: C:\Users\joker\AppData\Loca...}, goog:chromeOptions: {debuggerAddress: localhost:50698}, javascriptEnabled: true, networkConnectionEnabled: false, pageLoadStrategy: normal, platform: WINDOWS, platformName: WINDOWS, proxy: Proxy(), setWindowRect: true, strictFileInteractability: false, timeouts: {implicit: 0, pageLoad: 300000, script: 30000}, unhandledPromptBehavior: dismiss and notify, webauthn:extension:credBlob: true, webauthn:extension:largeBlob: true, webauthn:extension:minPinLength: true, webauthn:extension:prf: true, webauthn:virtualAuthenticators: true}
Session ID: d2bc463fa8c61a8f6f155b30dbd9f13a
14:32:09 INFO  manager.WdListener - org.openqa.selenium.interactions.MoveTargetOutOfBoundsException: move target out of bounds
  (Session info: chrome=115.0.5790.99)
Build info: version: '3.141.59', revision: 'e82be7d358', time: '2018-11-14T08:17:03'
System info: host: 'DESKTOP-0SQU6JC', ip: '192.168.43.58', os.name: 'Windows 11', os.arch: 'amd64', os.version: '10.0', java.version: '1.8.0_333'
Driver info: org.openqa.selenium.chrome.ChromeDriver
Capabilities {acceptInsecureCerts: false, browserName: chrome, browserVersion: 115.0.5790.99, chrome: {chromedriverVersion: 114.0.5735.90 (386bc09e8f4f..., userDataDir: C:\Users\joker\AppData\Loca...}, goog:chromeOptions: {debuggerAddress: localhost:50698}, javascriptEnabled: true, networkConnectionEnabled: false, pageLoadStrategy: normal, platform: WINDOWS, platformName: WINDOWS, proxy: Proxy(), setWindowRect: true, strictFileInteractability: false, timeouts: {implicit: 0, pageLoad: 300000, script: 30000}, unhandledPromptBehavior: dismiss and notify, webauthn:extension:credBlob: true, webauthn:extension:largeBlob: true, webauthn:extension:minPinLength: true, webauthn:extension:prf: true, webauthn:virtualAuthenticators: true}
Session ID: d2bc463fa8c61a8f6f155b30dbd9f13a
14:32:09 INFO  manager.WdListener - This is a link to screenshot with error ---> src/test/screenshots/screen-1929.png
14:32:09 INFO  manager.TestNgListener - Test registrationPositiveDTO failed : org.openqa.selenium.interactions.MoveTargetOutOfBoundsException: move target out of bounds
  (Session info: chrome=115.0.5790.99)
Build info: version: '3.141.59', revision: 'e82be7d358', time: '2018-11-14T08:17:03'
System info: host: 'DESKTOP-0SQU6JC', ip: '192.168.43.58', os.name: 'Windows 11', os.arch: 'amd64', os.version: '10.0', java.version: '1.8.0_333'
Driver info: org.openqa.selenium.chrome.ChromeDriver
Capabilities {acceptInsecureCerts: false, browserName: chrome, browserVersion: 115.0.5790.99, chrome: {chromedriverVersion: 114.0.5735.90 (386bc09e8f4f..., userDataDir: C:\Users\joker\AppData\Loca...}, goog:chromeOptions: {debuggerAddress: localhost:50698}, javascriptEnabled: true, networkConnectionEnabled: false, pageLoadStrategy: normal, platform: WINDOWS, platformName: WINDOWS, proxy: Proxy(), setWindowRect: true, strictFileInteractability: false, timeouts: {implicit: 0, pageLoad: 300000, script: 30000}, unhandledPromptBehavior: dismiss and notify, webauthn:extension:credBlob: true, webauthn:extension:largeBlob: true, webauthn:extension:minPinLength: true, webauthn:extension:prf: true, webauthn:virtualAuthenticators: true}
Session ID: d2bc463fa8c61a8f6f155b30dbd9f13a
14:32:09 INFO  manager.WdListener - Start searching element ---> By.xpath: //button[.='Ok']
14:32:14 INFO  manager.WdListener - Element with locator ---> By.xpath: //button[.='Ok'] is found
14:32:14 INFO  tests.TestBase - ================================================================
14:32:14 INFO  tests.TestBase - Method registrationPositiveDTO is started
14:32:14 INFO  manager.WdListener - Start searching element ---> By.xpath: //a[.=' Logout ']
14:32:19 INFO  manager.WdListener - Element with locator ---> By.xpath: //a[.=' Logout '] is found
14:32:19 INFO  manager.TestNgListener - Test registrationPositiveDTO started
14:32:19 INFO  manager.WdListener - Start searching element ---> By.xpath: //a[.=' Sign up ']
14:32:19 INFO  manager.WdListener - Element with locator ---> By.xpath: //a[.=' Sign up '] is found
14:32:19 INFO  tests.TestBase - openRegistrationForm invoked
14:32:19 INFO  manager.WdListener - Start searching element ---> By.xpath: //input[@id='name']
14:32:19 INFO  manager.WdListener - Element with locator ---> By.xpath: //input[@id='name'] is found
14:32:19 INFO  manager.WdListener - Start searching element ---> By.xpath: //input[@id='lastName']
14:32:19 INFO  manager.WdListener - Element with locator ---> By.xpath: //input[@id='lastName'] is found
14:32:19 INFO  manager.WdListener - Start searching element ---> By.xpath: //input[@id='email']
14:32:19 INFO  manager.WdListener - Element with locator ---> By.xpath: //input[@id='email'] is found
14:32:19 INFO  manager.WdListener - Start searching element ---> By.xpath: //input[@id='password']
14:32:19 INFO  manager.WdListener - Element with locator ---> By.xpath: //input[@id='password'] is found
14:32:19 INFO  manager.WdListener - Start searching element ---> By.cssSelector: div.checkbox-container
14:32:19 INFO  manager.WdListener - Element with locator ---> By.cssSelector: div.checkbox-container is found
14:32:19 INFO  manager.WdListener - Something went wrong!
14:32:19 INFO  manager.WdListener - move target out of bounds
  (Session info: chrome=115.0.5790.99)
Build info: version: '3.141.59', revision: 'e82be7d358', time: '2018-11-14T08:17:03'
System info: host: 'DESKTOP-0SQU6JC', ip: '192.168.43.58', os.name: 'Windows 11', os.arch: 'amd64', os.version: '10.0', java.version: '1.8.0_333'
Driver info: org.openqa.selenium.chrome.ChromeDriver
Capabilities {acceptInsecureCerts: false, browserName: chrome, browserVersion: 115.0.5790.99, chrome: {chromedriverVersion: 114.0.5735.90 (386bc09e8f4f..., userDataDir: C:\Users\joker\AppData\Loca...}, goog:chromeOptions: {debuggerAddress: localhost:50698}, javascriptEnabled: true, networkConnectionEnabled: false, pageLoadStrategy: normal, platform: WINDOWS, platformName: WINDOWS, proxy: Proxy(), setWindowRect: true, strictFileInteractability: false, timeouts: {implicit: 0, pageLoad: 300000, script: 30000}, unhandledPromptBehavior: dismiss and notify, webauthn:extension:credBlob: true, webauthn:extension:largeBlob: true, webauthn:extension:minPinLength: true, webauthn:extension:prf: true, webauthn:virtualAuthenticators: true}
Session ID: d2bc463fa8c61a8f6f155b30dbd9f13a
14:32:19 INFO  manager.WdListener - org.openqa.selenium.interactions.MoveTargetOutOfBoundsException: move target out of bounds
  (Session info: chrome=115.0.5790.99)
Build info: version: '3.141.59', revision: 'e82be7d358', time: '2018-11-14T08:17:03'
System info: host: 'DESKTOP-0SQU6JC', ip: '192.168.43.58', os.name: 'Windows 11', os.arch: 'amd64', os.version: '10.0', java.version: '1.8.0_333'
Driver info: org.openqa.selenium.chrome.ChromeDriver
Capabilities {acceptInsecureCerts: false, browserName: chrome, browserVersion: 115.0.5790.99, chrome: {chromedriverVersion: 114.0.5735.90 (386bc09e8f4f..., userDataDir: C:\Users\joker\AppData\Loca...}, goog:chromeOptions: {debuggerAddress: localhost:50698}, javascriptEnabled: true, networkConnectionEnabled: false, pageLoadStrategy: normal, platform: WINDOWS, platformName: WINDOWS, proxy: Proxy(), setWindowRect: true, strictFileInteractability: false, timeouts: {implicit: 0, pageLoad: 300000, script: 30000}, unhandledPromptBehavior: dismiss and notify, webauthn:extension:credBlob: true, webauthn:extension:largeBlob: true, webauthn:extension:minPinLength: true, webauthn:extension:prf: true, webauthn:virtualAuthenticators: true}
Session ID: d2bc463fa8c61a8f6f155b30dbd9f13a
14:32:20 INFO  manager.WdListener - This is a link to screenshot with error ---> src/test/screenshots/screen-1939.png
14:32:20 INFO  manager.TestNgListener - Test registrationPositiveDTO failed : org.openqa.selenium.interactions.MoveTargetOutOfBoundsException: move target out of bounds
  (Session info: chrome=115.0.5790.99)
Build info: version: '3.141.59', revision: 'e82be7d358', time: '2018-11-14T08:17:03'
System info: host: 'DESKTOP-0SQU6JC', ip: '192.168.43.58', os.name: 'Windows 11', os.arch: 'amd64', os.version: '10.0', java.version: '1.8.0_333'
Driver info: org.openqa.selenium.chrome.ChromeDriver
Capabilities {acceptInsecureCerts: false, browserName: chrome, browserVersion: 115.0.5790.99, chrome: {chromedriverVersion: 114.0.5735.90 (386bc09e8f4f..., userDataDir: C:\Users\joker\AppData\Loca...}, goog:chromeOptions: {debuggerAddress: localhost:50698}, javascriptEnabled: true, networkConnectionEnabled: false, pageLoadStrategy: normal, platform: WINDOWS, platformName: WINDOWS, proxy: Proxy(), setWindowRect: true, strictFileInteractability: false, timeouts: {implicit: 0, pageLoad: 300000, script: 30000}, unhandledPromptBehavior: dismiss and notify, webauthn:extension:credBlob: true, webauthn:extension:largeBlob: true, webauthn:extension:minPinLength: true, webauthn:extension:prf: true, webauthn:virtualAuthenticators: true}
Session ID: d2bc463fa8c61a8f6f155b30dbd9f13a
14:32:20 INFO  manager.WdListener - Start searching element ---> By.xpath: //button[.='Ok']
14:32:25 INFO  manager.WdListener - Element with locator ---> By.xpath: //button[.='Ok'] is found
14:32:25 INFO  tests.TestBase - ================================================================
14:32:25 INFO  tests.TestBase - Method registrationPositiveDTO is started
14:32:25 INFO  manager.WdListener - Start searching element ---> By.xpath: //a[.=' Logout ']
14:32:30 INFO  manager.WdListener - Element with locator ---> By.xpath: //a[.=' Logout '] is found
14:32:30 INFO  manager.TestNgListener - Test registrationPositiveDTO started
14:32:30 INFO  manager.WdListener - Start searching element ---> By.xpath: //a[.=' Sign up ']
14:32:30 INFO  manager.WdListener - Element with locator ---> By.xpath: //a[.=' Sign up '] is found
14:32:30 INFO  tests.TestBase - openRegistrationForm invoked
14:32:30 INFO  manager.WdListener - Start searching element ---> By.xpath: //input[@id='name']
14:32:30 INFO  manager.WdListener - Element with locator ---> By.xpath: //input[@id='name'] is found
14:32:30 INFO  manager.WdListener - Start searching element ---> By.xpath: //input[@id='lastName']
14:32:30 INFO  manager.WdListener - Element with locator ---> By.xpath: //input[@id='lastName'] is found
14:32:30 INFO  manager.WdListener - Start searching element ---> By.xpath: //input[@id='email']
14:32:30 INFO  manager.WdListener - Element with locator ---> By.xpath: //input[@id='email'] is found
14:32:30 INFO  manager.WdListener - Start searching element ---> By.xpath: //input[@id='password']
14:32:30 INFO  manager.WdListener - Element with locator ---> By.xpath: //input[@id='password'] is found
14:32:30 INFO  manager.WdListener - Start searching element ---> By.cssSelector: div.checkbox-container
14:32:30 INFO  manager.WdListener - Element with locator ---> By.cssSelector: div.checkbox-container is found
14:32:30 INFO  manager.WdListener - Something went wrong!
14:32:30 INFO  manager.WdListener - move target out of bounds
  (Session info: chrome=115.0.5790.99)
Build info: version: '3.141.59', revision: 'e82be7d358', time: '2018-11-14T08:17:03'
System info: host: 'DESKTOP-0SQU6JC', ip: '192.168.43.58', os.name: 'Windows 11', os.arch: 'amd64', os.version: '10.0', java.version: '1.8.0_333'
Driver info: org.openqa.selenium.chrome.ChromeDriver
Capabilities {acceptInsecureCerts: false, browserName: chrome, browserVersion: 115.0.5790.99, chrome: {chromedriverVersion: 114.0.5735.90 (386bc09e8f4f..., userDataDir: C:\Users\joker\AppData\Loca...}, goog:chromeOptions: {debuggerAddress: localhost:50698}, javascriptEnabled: true, networkConnectionEnabled: false, pageLoadStrategy: normal, platform: WINDOWS, platformName: WINDOWS, proxy: Proxy(), setWindowRect: true, strictFileInteractability: false, timeouts: {implicit: 0, pageLoad: 300000, script: 30000}, unhandledPromptBehavior: dismiss and notify, webauthn:extension:credBlob: true, webauthn:extension:largeBlob: true, webauthn:extension:minPinLength: true, webauthn:extension:prf: true, webauthn:virtualAuthenticators: true}
Session ID: d2bc463fa8c61a8f6f155b30dbd9f13a
14:32:30 INFO  manager.WdListener - org.openqa.selenium.interactions.MoveTargetOutOfBoundsException: move target out of bounds
  (Session info: chrome=115.0.5790.99)
Build info: version: '3.141.59', revision: 'e82be7d358', time: '2018-11-14T08:17:03'
System info: host: 'DESKTOP-0SQU6JC', ip: '192.168.43.58', os.name: 'Windows 11', os.arch: 'amd64', os.version: '10.0', java.version: '1.8.0_333'
Driver info: org.openqa.selenium.chrome.ChromeDriver
Capabilities {acceptInsecureCerts: false, browserName: chrome, browserVersion: 115.0.5790.99, chrome: {chromedriverVersion: 114.0.5735.90 (386bc09e8f4f..., userDataDir: C:\Users\joker\AppData\Loca...}, goog:chromeOptions: {debuggerAddress: localhost:50698}, javascriptEnabled: true, networkConnectionEnabled: false, pageLoadStrategy: normal, platform: WINDOWS, platformName: WINDOWS, proxy: Proxy(), setWindowRect: true, strictFileInteractability: false, timeouts: {implicit: 0, pageLoad: 300000, script: 30000}, unhandledPromptBehavior: dismiss and notify, webauthn:extension:credBlob: true, webauthn:extension:largeBlob: true, webauthn:extension:minPinLength: true, webauthn:extension:prf: true, webauthn:virtualAuthenticators: true}
Session ID: d2bc463fa8c61a8f6f155b30dbd9f13a
14:32:30 INFO  manager.WdListener - This is a link to screenshot with error ---> src/test/screenshots/screen-1950.png
14:32:30 INFO  manager.TestNgListener - Test registrationPositiveDTO failed : org.openqa.selenium.interactions.MoveTargetOutOfBoundsException: move target out of bounds
  (Session info: chrome=115.0.5790.99)
Build info: version: '3.141.59', revision: 'e82be7d358', time: '2018-11-14T08:17:03'
System info: host: 'DESKTOP-0SQU6JC', ip: '192.168.43.58', os.name: 'Windows 11', os.arch: 'amd64', os.version: '10.0', java.version: '1.8.0_333'
Driver info: org.openqa.selenium.chrome.ChromeDriver
Capabilities {acceptInsecureCerts: false, browserName: chrome, browserVersion: 115.0.5790.99, chrome: {chromedriverVersion: 114.0.5735.90 (386bc09e8f4f..., userDataDir: C:\Users\joker\AppData\Loca...}, goog:chromeOptions: {debuggerAddress: localhost:50698}, javascriptEnabled: true, networkConnectionEnabled: false, pageLoadStrategy: normal, platform: WINDOWS, platformName: WINDOWS, proxy: Proxy(), setWindowRect: true, strictFileInteractability: false, timeouts: {implicit: 0, pageLoad: 300000, script: 30000}, unhandledPromptBehavior: dismiss and notify, webauthn:extension:credBlob: true, webauthn:extension:largeBlob: true, webauthn:extension:minPinLength: true, webauthn:extension:prf: true, webauthn:virtualAuthenticators: true}
Session ID: d2bc463fa8c61a8f6f155b30dbd9f13a
14:32:30 INFO  manager.WdListener - Start searching element ---> By.xpath: //button[.='Ok']
14:32:35 INFO  manager.WdListener - Element with locator ---> By.xpath: //button[.='Ok'] is found
14:32:35 INFO  tests.TestBase - ================================================================
