15:04:57 INFO  manager.ApplicationManager - Tests start on Chrome
15:05:03 INFO  tests.TestBase - Method registrationNegativeLastNameBlank is started
15:05:03 INFO  manager.WdListener - Start searching element ---> By.xpath: //a[.=' Logout ']
15:05:08 INFO  manager.WdListener - Element with locator ---> By.xpath: //a[.=' Logout '] is found
15:05:08 INFO  manager.TestNgListener - Test registrationNegativeLastNameBlank started
15:05:08 INFO  manager.WdListener - Start searching element ---> By.xpath: //a[.=' Sign up ']
15:05:08 INFO  manager.WdListener - Element with locator ---> By.xpath: //a[.=' Sign up '] is found
15:05:08 INFO  manager.WdListener - Start searching element ---> By.xpath: //input[@id='name']
15:05:08 INFO  manager.WdListener - Element with locator ---> By.xpath: //input[@id='name'] is found
15:05:08 INFO  manager.WdListener - Start searching element ---> By.xpath: //input[@id='lastName']
15:05:09 INFO  manager.WdListener - Element with locator ---> By.xpath: //input[@id='lastName'] is found
15:05:09 INFO  manager.WdListener - Start searching element ---> By.xpath: //input[@id='email']
15:05:09 INFO  manager.WdListener - Element with locator ---> By.xpath: //input[@id='email'] is found
15:05:09 INFO  manager.WdListener - Start searching element ---> By.xpath: //input[@id='password']
15:05:09 INFO  manager.WdListener - Element with locator ---> By.xpath: //input[@id='password'] is found
15:05:09 INFO  manager.WdListener - Start searching element ---> By.cssSelector: div.checkbox-container
15:05:09 INFO  manager.WdListener - Element with locator ---> By.cssSelector: div.checkbox-container is found
15:05:09 INFO  manager.WdListener - Start searching element ---> By.xpath: //button[@type='submit']
15:05:09 INFO  manager.WdListener - Element with locator ---> By.xpath: //button[@type='submit'] is found
15:05:09 INFO  manager.WdListener - Start searching element ---> By.xpath: //h1[contains(text(),'failed')]
15:05:11 INFO  manager.WdListener - Element with locator ---> By.xpath: //h1[contains(text(),'failed')] is found
15:05:11 INFO  manager.TestNgListener - Test registrationNegativeLastNameBlank successful
15:05:11 INFO  manager.WdListener - Start searching element ---> By.xpath: //button[.='Ok']
15:05:11 INFO  manager.WdListener - Element with locator ---> By.xpath: //button[.='Ok'] is found
15:05:11 INFO  manager.WdListener - Start searching element ---> By.xpath: //button[.='Ok']
15:05:11 INFO  manager.WdListener - Element with locator ---> By.xpath: //button[.='Ok'] is found
15:05:11 INFO  tests.TestBase - ================================================================
15:05:11 INFO  tests.TestBase - Method registrationNegativeNameBlank is started
15:05:11 INFO  manager.WdListener - Start searching element ---> By.xpath: //a[.=' Logout ']
15:05:16 INFO  manager.WdListener - Element with locator ---> By.xpath: //a[.=' Logout '] is found
15:05:16 INFO  manager.TestNgListener - Test registrationNegativeNameBlank started
15:05:16 INFO  manager.WdListener - Start searching element ---> By.xpath: //a[.=' Sign up ']
15:05:16 INFO  manager.WdListener - Element with locator ---> By.xpath: //a[.=' Sign up '] is found
15:05:16 INFO  manager.WdListener - Start searching element ---> By.xpath: //input[@id='name']
15:05:16 INFO  manager.WdListener - Element with locator ---> By.xpath: //input[@id='name'] is found
15:05:16 INFO  manager.WdListener - Start searching element ---> By.xpath: //input[@id='lastName']
15:05:16 INFO  manager.WdListener - Element with locator ---> By.xpath: //input[@id='lastName'] is found
15:05:16 INFO  manager.WdListener - Start searching element ---> By.xpath: //input[@id='email']
15:05:16 INFO  manager.WdListener - Element with locator ---> By.xpath: //input[@id='email'] is found
15:05:16 INFO  manager.WdListener - Start searching element ---> By.xpath: //input[@id='password']
15:05:16 INFO  manager.WdListener - Element with locator ---> By.xpath: //input[@id='password'] is found
15:05:16 INFO  manager.WdListener - Start searching element ---> By.cssSelector: div.checkbox-container
15:05:16 INFO  manager.WdListener - Element with locator ---> By.cssSelector: div.checkbox-container is found
15:05:16 INFO  manager.WdListener - Something went wrong!
15:05:16 INFO  manager.WdListener - move target out of bounds
  (Session info: chrome=115.0.5790.102)
Build info: version: '3.141.59', revision: 'e82be7d358', time: '2018-11-14T08:17:03'
System info: host: 'DESKTOP-0SQU6JC', ip: '192.168.43.58', os.name: 'Windows 11', os.arch: 'amd64', os.version: '10.0', java.version: '1.8.0_333'
Driver info: org.openqa.selenium.chrome.ChromeDriver
Capabilities {acceptInsecureCerts: false, browserName: chrome, browserVersion: 115.0.5790.102, chrome: {chromedriverVersion: 115.0.5790.102 (90efd4b0ad6..., userDataDir: C:\Users\joker\AppData\Loca...}, goog:chromeOptions: {debuggerAddress: localhost:50038}, javascriptEnabled: true, networkConnectionEnabled: false, pageLoadStrategy: normal, platform: WINDOWS, platformName: WINDOWS, proxy: Proxy(), setWindowRect: true, strictFileInteractability: false, timeouts: {implicit: 0, pageLoad: 300000, script: 30000}, unhandledPromptBehavior: dismiss and notify, webauthn:extension:credBlob: true, webauthn:extension:largeBlob: true, webauthn:extension:minPinLength: true, webauthn:extension:prf: true, webauthn:virtualAuthenticators: true}
Session ID: bd470001214b000fc790d97aae36b392
15:05:16 INFO  manager.WdListener - org.openqa.selenium.interactions.MoveTargetOutOfBoundsException: move target out of bounds
  (Session info: chrome=115.0.5790.102)
Build info: version: '3.141.59', revision: 'e82be7d358', time: '2018-11-14T08:17:03'
System info: host: 'DESKTOP-0SQU6JC', ip: '192.168.43.58', os.name: 'Windows 11', os.arch: 'amd64', os.version: '10.0', java.version: '1.8.0_333'
Driver info: org.openqa.selenium.chrome.ChromeDriver
Capabilities {acceptInsecureCerts: false, browserName: chrome, browserVersion: 115.0.5790.102, chrome: {chromedriverVersion: 115.0.5790.102 (90efd4b0ad6..., userDataDir: C:\Users\joker\AppData\Loca...}, goog:chromeOptions: {debuggerAddress: localhost:50038}, javascriptEnabled: true, networkConnectionEnabled: false, pageLoadStrategy: normal, platform: WINDOWS, platformName: WINDOWS, proxy: Proxy(), setWindowRect: true, strictFileInteractability: false, timeouts: {implicit: 0, pageLoad: 300000, script: 30000}, unhandledPromptBehavior: dismiss and notify, webauthn:extension:credBlob: true, webauthn:extension:largeBlob: true, webauthn:extension:minPinLength: true, webauthn:extension:prf: true, webauthn:virtualAuthenticators: true}
Session ID: bd470001214b000fc790d97aae36b392
15:05:16 INFO  manager.WdListener - This is a link to screenshot with error ---> src/test/screenshots/screen-316.png
15:05:16 INFO  manager.TestNgListener - Test registrationNegativeNameBlank failed : org.openqa.selenium.interactions.MoveTargetOutOfBoundsException: move target out of bounds
  (Session info: chrome=115.0.5790.102)
Build info: version: '3.141.59', revision: 'e82be7d358', time: '2018-11-14T08:17:03'
System info: host: 'DESKTOP-0SQU6JC', ip: '192.168.43.58', os.name: 'Windows 11', os.arch: 'amd64', os.version: '10.0', java.version: '1.8.0_333'
Driver info: org.openqa.selenium.chrome.ChromeDriver
Capabilities {acceptInsecureCerts: false, browserName: chrome, browserVersion: 115.0.5790.102, chrome: {chromedriverVersion: 115.0.5790.102 (90efd4b0ad6..., userDataDir: C:\Users\joker\AppData\Loca...}, goog:chromeOptions: {debuggerAddress: localhost:50038}, javascriptEnabled: true, networkConnectionEnabled: false, pageLoadStrategy: normal, platform: WINDOWS, platformName: WINDOWS, proxy: Proxy(), setWindowRect: true, strictFileInteractability: false, timeouts: {implicit: 0, pageLoad: 300000, script: 30000}, unhandledPromptBehavior: dismiss and notify, webauthn:extension:credBlob: true, webauthn:extension:largeBlob: true, webauthn:extension:minPinLength: true, webauthn:extension:prf: true, webauthn:virtualAuthenticators: true}
Session ID: bd470001214b000fc790d97aae36b392
15:05:16 INFO  manager.WdListener - Start searching element ---> By.xpath: //button[.='Ok']
15:05:21 INFO  manager.WdListener - Element with locator ---> By.xpath: //button[.='Ok'] is found
15:05:21 INFO  tests.TestBase - ================================================================
15:05:21 INFO  tests.TestBase - Method registrationNegativeWrongEmail is started
15:05:21 INFO  manager.WdListener - Start searching element ---> By.xpath: //a[.=' Logout ']
15:05:27 INFO  manager.WdListener - Element with locator ---> By.xpath: //a[.=' Logout '] is found
15:05:27 INFO  manager.TestNgListener - Test registrationNegativeWrongEmail started
15:05:27 INFO  manager.WdListener - Start searching element ---> By.xpath: //a[.=' Sign up ']
15:05:27 INFO  manager.WdListener - Element with locator ---> By.xpath: //a[.=' Sign up '] is found
15:05:27 INFO  manager.WdListener - Start searching element ---> By.xpath: //input[@id='name']
15:05:27 INFO  manager.WdListener - Element with locator ---> By.xpath: //input[@id='name'] is found
15:05:27 INFO  manager.WdListener - Start searching element ---> By.xpath: //input[@id='lastName']
15:05:27 INFO  manager.WdListener - Element with locator ---> By.xpath: //input[@id='lastName'] is found
15:05:27 INFO  manager.WdListener - Start searching element ---> By.xpath: //input[@id='email']
15:05:27 INFO  manager.WdListener - Element with locator ---> By.xpath: //input[@id='email'] is found
15:05:27 INFO  manager.WdListener - Start searching element ---> By.xpath: //input[@id='password']
15:05:27 INFO  manager.WdListener - Element with locator ---> By.xpath: //input[@id='password'] is found
15:05:27 INFO  manager.WdListener - Start searching element ---> By.cssSelector: div.checkbox-container
15:05:27 INFO  manager.WdListener - Element with locator ---> By.cssSelector: div.checkbox-container is found
15:05:27 INFO  manager.WdListener - Something went wrong!
15:05:27 INFO  manager.WdListener - move target out of bounds
  (Session info: chrome=115.0.5790.102)
Build info: version: '3.141.59', revision: 'e82be7d358', time: '2018-11-14T08:17:03'
System info: host: 'DESKTOP-0SQU6JC', ip: '192.168.43.58', os.name: 'Windows 11', os.arch: 'amd64', os.version: '10.0', java.version: '1.8.0_333'
Driver info: org.openqa.selenium.chrome.ChromeDriver
Capabilities {acceptInsecureCerts: false, browserName: chrome, browserVersion: 115.0.5790.102, chrome: {chromedriverVersion: 115.0.5790.102 (90efd4b0ad6..., userDataDir: C:\Users\joker\AppData\Loca...}, goog:chromeOptions: {debuggerAddress: localhost:50038}, javascriptEnabled: true, networkConnectionEnabled: false, pageLoadStrategy: normal, platform: WINDOWS, platformName: WINDOWS, proxy: Proxy(), setWindowRect: true, strictFileInteractability: false, timeouts: {implicit: 0, pageLoad: 300000, script: 30000}, unhandledPromptBehavior: dismiss and notify, webauthn:extension:credBlob: true, webauthn:extension:largeBlob: true, webauthn:extension:minPinLength: true, webauthn:extension:prf: true, webauthn:virtualAuthenticators: true}
Session ID: bd470001214b000fc790d97aae36b392
15:05:27 INFO  manager.WdListener - org.openqa.selenium.interactions.MoveTargetOutOfBoundsException: move target out of bounds
  (Session info: chrome=115.0.5790.102)
Build info: version: '3.141.59', revision: 'e82be7d358', time: '2018-11-14T08:17:03'
System info: host: 'DESKTOP-0SQU6JC', ip: '192.168.43.58', os.name: 'Windows 11', os.arch: 'amd64', os.version: '10.0', java.version: '1.8.0_333'
Driver info: org.openqa.selenium.chrome.ChromeDriver
Capabilities {acceptInsecureCerts: false, browserName: chrome, browserVersion: 115.0.5790.102, chrome: {chromedriverVersion: 115.0.5790.102 (90efd4b0ad6..., userDataDir: C:\Users\joker\AppData\Loca...}, goog:chromeOptions: {debuggerAddress: localhost:50038}, javascriptEnabled: true, networkConnectionEnabled: false, pageLoadStrategy: normal, platform: WINDOWS, platformName: WINDOWS, proxy: Proxy(), setWindowRect: true, strictFileInteractability: false, timeouts: {implicit: 0, pageLoad: 300000, script: 30000}, unhandledPromptBehavior: dismiss and notify, webauthn:extension:credBlob: true, webauthn:extension:largeBlob: true, webauthn:extension:minPinLength: true, webauthn:extension:prf: true, webauthn:virtualAuthenticators: true}
Session ID: bd470001214b000fc790d97aae36b392
15:05:27 INFO  manager.WdListener - This is a link to screenshot with error ---> src/test/screenshots/screen-327.png
15:05:27 INFO  manager.TestNgListener - Test registrationNegativeWrongEmail failed : org.openqa.selenium.interactions.MoveTargetOutOfBoundsException: move target out of bounds
  (Session info: chrome=115.0.5790.102)
Build info: version: '3.141.59', revision: 'e82be7d358', time: '2018-11-14T08:17:03'
System info: host: 'DESKTOP-0SQU6JC', ip: '192.168.43.58', os.name: 'Windows 11', os.arch: 'amd64', os.version: '10.0', java.version: '1.8.0_333'
Driver info: org.openqa.selenium.chrome.ChromeDriver
Capabilities {acceptInsecureCerts: false, browserName: chrome, browserVersion: 115.0.5790.102, chrome: {chromedriverVersion: 115.0.5790.102 (90efd4b0ad6..., userDataDir: C:\Users\joker\AppData\Loca...}, goog:chromeOptions: {debuggerAddress: localhost:50038}, javascriptEnabled: true, networkConnectionEnabled: false, pageLoadStrategy: normal, platform: WINDOWS, platformName: WINDOWS, proxy: Proxy(), setWindowRect: true, strictFileInteractability: false, timeouts: {implicit: 0, pageLoad: 300000, script: 30000}, unhandledPromptBehavior: dismiss and notify, webauthn:extension:credBlob: true, webauthn:extension:largeBlob: true, webauthn:extension:minPinLength: true, webauthn:extension:prf: true, webauthn:virtualAuthenticators: true}
Session ID: bd470001214b000fc790d97aae36b392
15:05:27 INFO  manager.WdListener - Start searching element ---> By.xpath: //button[.='Ok']
15:05:32 INFO  manager.WdListener - Element with locator ---> By.xpath: //button[.='Ok'] is found
15:05:32 INFO  tests.TestBase - ================================================================
15:05:32 INFO  tests.TestBase - Method registrationNegativeWrongPassword is started
15:05:32 INFO  manager.WdListener - Start searching element ---> By.xpath: //a[.=' Logout ']
15:05:37 INFO  manager.WdListener - Element with locator ---> By.xpath: //a[.=' Logout '] is found
15:05:37 INFO  manager.TestNgListener - Test registrationNegativeWrongPassword started
15:05:37 INFO  manager.WdListener - Start searching element ---> By.xpath: //a[.=' Sign up ']
15:05:37 INFO  manager.WdListener - Element with locator ---> By.xpath: //a[.=' Sign up '] is found
15:05:37 INFO  manager.WdListener - Start searching element ---> By.xpath: //input[@id='name']
15:05:37 INFO  manager.WdListener - Element with locator ---> By.xpath: //input[@id='name'] is found
15:05:37 INFO  manager.WdListener - Start searching element ---> By.xpath: //input[@id='lastName']
15:05:37 INFO  manager.WdListener - Element with locator ---> By.xpath: //input[@id='lastName'] is found
15:05:38 INFO  manager.WdListener - Start searching element ---> By.xpath: //input[@id='email']
15:05:38 INFO  manager.WdListener - Element with locator ---> By.xpath: //input[@id='email'] is found
15:05:38 INFO  manager.WdListener - Start searching element ---> By.xpath: //input[@id='password']
15:05:38 INFO  manager.WdListener - Element with locator ---> By.xpath: //input[@id='password'] is found
15:05:38 INFO  manager.WdListener - Start searching element ---> By.cssSelector: div.checkbox-container
15:05:38 INFO  manager.WdListener - Element with locator ---> By.cssSelector: div.checkbox-container is found
15:05:38 INFO  manager.WdListener - Something went wrong!
15:05:38 INFO  manager.WdListener - move target out of bounds
  (Session info: chrome=115.0.5790.102)
Build info: version: '3.141.59', revision: 'e82be7d358', time: '2018-11-14T08:17:03'
System info: host: 'DESKTOP-0SQU6JC', ip: '192.168.43.58', os.name: 'Windows 11', os.arch: 'amd64', os.version: '10.0', java.version: '1.8.0_333'
Driver info: org.openqa.selenium.chrome.ChromeDriver
Capabilities {acceptInsecureCerts: false, browserName: chrome, browserVersion: 115.0.5790.102, chrome: {chromedriverVersion: 115.0.5790.102 (90efd4b0ad6..., userDataDir: C:\Users\joker\AppData\Loca...}, goog:chromeOptions: {debuggerAddress: localhost:50038}, javascriptEnabled: true, networkConnectionEnabled: false, pageLoadStrategy: normal, platform: WINDOWS, platformName: WINDOWS, proxy: Proxy(), setWindowRect: true, strictFileInteractability: false, timeouts: {implicit: 0, pageLoad: 300000, script: 30000}, unhandledPromptBehavior: dismiss and notify, webauthn:extension:credBlob: true, webauthn:extension:largeBlob: true, webauthn:extension:minPinLength: true, webauthn:extension:prf: true, webauthn:virtualAuthenticators: true}
Session ID: bd470001214b000fc790d97aae36b392
15:05:38 INFO  manager.WdListener - org.openqa.selenium.interactions.MoveTargetOutOfBoundsException: move target out of bounds
  (Session info: chrome=115.0.5790.102)
Build info: version: '3.141.59', revision: 'e82be7d358', time: '2018-11-14T08:17:03'
System info: host: 'DESKTOP-0SQU6JC', ip: '192.168.43.58', os.name: 'Windows 11', os.arch: 'amd64', os.version: '10.0', java.version: '1.8.0_333'
Driver info: org.openqa.selenium.chrome.ChromeDriver
Capabilities {acceptInsecureCerts: false, browserName: chrome, browserVersion: 115.0.5790.102, chrome: {chromedriverVersion: 115.0.5790.102 (90efd4b0ad6..., userDataDir: C:\Users\joker\AppData\Loca...}, goog:chromeOptions: {debuggerAddress: localhost:50038}, javascriptEnabled: true, networkConnectionEnabled: false, pageLoadStrategy: normal, platform: WINDOWS, platformName: WINDOWS, proxy: Proxy(), setWindowRect: true, strictFileInteractability: false, timeouts: {implicit: 0, pageLoad: 300000, script: 30000}, unhandledPromptBehavior: dismiss and notify, webauthn:extension:credBlob: true, webauthn:extension:largeBlob: true, webauthn:extension:minPinLength: true, webauthn:extension:prf: true, webauthn:virtualAuthenticators: true}
Session ID: bd470001214b000fc790d97aae36b392
15:05:38 INFO  manager.WdListener - This is a link to screenshot with error ---> src/test/screenshots/screen-338.png
15:05:38 INFO  manager.TestNgListener - Test registrationNegativeWrongPassword failed : org.openqa.selenium.interactions.MoveTargetOutOfBoundsException: move target out of bounds
  (Session info: chrome=115.0.5790.102)
Build info: version: '3.141.59', revision: 'e82be7d358', time: '2018-11-14T08:17:03'
System info: host: 'DESKTOP-0SQU6JC', ip: '192.168.43.58', os.name: 'Windows 11', os.arch: 'amd64', os.version: '10.0', java.version: '1.8.0_333'
Driver info: org.openqa.selenium.chrome.ChromeDriver
Capabilities {acceptInsecureCerts: false, browserName: chrome, browserVersion: 115.0.5790.102, chrome: {chromedriverVersion: 115.0.5790.102 (90efd4b0ad6..., userDataDir: C:\Users\joker\AppData\Loca...}, goog:chromeOptions: {debuggerAddress: localhost:50038}, javascriptEnabled: true, networkConnectionEnabled: false, pageLoadStrategy: normal, platform: WINDOWS, platformName: WINDOWS, proxy: Proxy(), setWindowRect: true, strictFileInteractability: false, timeouts: {implicit: 0, pageLoad: 300000, script: 30000}, unhandledPromptBehavior: dismiss and notify, webauthn:extension:credBlob: true, webauthn:extension:largeBlob: true, webauthn:extension:minPinLength: true, webauthn:extension:prf: true, webauthn:virtualAuthenticators: true}
Session ID: bd470001214b000fc790d97aae36b392
15:05:38 INFO  manager.WdListener - Start searching element ---> By.xpath: //button[.='Ok']
15:05:43 INFO  manager.WdListener - Element with locator ---> By.xpath: //button[.='Ok'] is found
15:05:43 INFO  tests.TestBase - ================================================================
15:05:43 INFO  tests.TestBase - Method registrationPositive is started
15:05:43 INFO  manager.WdListener - Start searching element ---> By.xpath: //a[.=' Logout ']
15:05:48 INFO  manager.WdListener - Element with locator ---> By.xpath: //a[.=' Logout '] is found
15:05:48 INFO  manager.TestNgListener - Test registrationPositive started
15:05:48 INFO  manager.WdListener - Start searching element ---> By.xpath: //a[.=' Sign up ']
15:05:48 INFO  manager.WdListener - Element with locator ---> By.xpath: //a[.=' Sign up '] is found
15:05:48 INFO  tests.TestBase - openRegistrationForm invoked
15:05:48 INFO  manager.WdListener - Start searching element ---> By.xpath: //input[@id='name']
15:05:48 INFO  manager.WdListener - Element with locator ---> By.xpath: //input[@id='name'] is found
15:05:48 INFO  manager.WdListener - Start searching element ---> By.xpath: //input[@id='lastName']
15:05:48 INFO  manager.WdListener - Element with locator ---> By.xpath: //input[@id='lastName'] is found
15:05:48 INFO  manager.WdListener - Start searching element ---> By.xpath: //input[@id='email']
15:05:48 INFO  manager.WdListener - Element with locator ---> By.xpath: //input[@id='email'] is found
15:05:48 INFO  manager.WdListener - Start searching element ---> By.xpath: //input[@id='password']
15:05:48 INFO  manager.WdListener - Element with locator ---> By.xpath: //input[@id='password'] is found
15:05:48 INFO  manager.WdListener - Start searching element ---> By.cssSelector: div.checkbox-container
15:05:48 INFO  manager.WdListener - Element with locator ---> By.cssSelector: div.checkbox-container is found
15:05:49 INFO  manager.WdListener - Something went wrong!
15:05:49 INFO  manager.WdListener - move target out of bounds
  (Session info: chrome=115.0.5790.102)
Build info: version: '3.141.59', revision: 'e82be7d358', time: '2018-11-14T08:17:03'
System info: host: 'DESKTOP-0SQU6JC', ip: '192.168.43.58', os.name: 'Windows 11', os.arch: 'amd64', os.version: '10.0', java.version: '1.8.0_333'
Driver info: org.openqa.selenium.chrome.ChromeDriver
Capabilities {acceptInsecureCerts: false, browserName: chrome, browserVersion: 115.0.5790.102, chrome: {chromedriverVersion: 115.0.5790.102 (90efd4b0ad6..., userDataDir: C:\Users\joker\AppData\Loca...}, goog:chromeOptions: {debuggerAddress: localhost:50038}, javascriptEnabled: true, networkConnectionEnabled: false, pageLoadStrategy: normal, platform: WINDOWS, platformName: WINDOWS, proxy: Proxy(), setWindowRect: true, strictFileInteractability: false, timeouts: {implicit: 0, pageLoad: 300000, script: 30000}, unhandledPromptBehavior: dismiss and notify, webauthn:extension:credBlob: true, webauthn:extension:largeBlob: true, webauthn:extension:minPinLength: true, webauthn:extension:prf: true, webauthn:virtualAuthenticators: true}
Session ID: bd470001214b000fc790d97aae36b392
15:05:49 INFO  manager.WdListener - org.openqa.selenium.interactions.MoveTargetOutOfBoundsException: move target out of bounds
  (Session info: chrome=115.0.5790.102)
Build info: version: '3.141.59', revision: 'e82be7d358', time: '2018-11-14T08:17:03'
System info: host: 'DESKTOP-0SQU6JC', ip: '192.168.43.58', os.name: 'Windows 11', os.arch: 'amd64', os.version: '10.0', java.version: '1.8.0_333'
Driver info: org.openqa.selenium.chrome.ChromeDriver
Capabilities {acceptInsecureCerts: false, browserName: chrome, browserVersion: 115.0.5790.102, chrome: {chromedriverVersion: 115.0.5790.102 (90efd4b0ad6..., userDataDir: C:\Users\joker\AppData\Loca...}, goog:chromeOptions: {debuggerAddress: localhost:50038}, javascriptEnabled: true, networkConnectionEnabled: false, pageLoadStrategy: normal, platform: WINDOWS, platformName: WINDOWS, proxy: Proxy(), setWindowRect: true, strictFileInteractability: false, timeouts: {implicit: 0, pageLoad: 300000, script: 30000}, unhandledPromptBehavior: dismiss and notify, webauthn:extension:credBlob: true, webauthn:extension:largeBlob: true, webauthn:extension:minPinLength: true, webauthn:extension:prf: true, webauthn:virtualAuthenticators: true}
Session ID: bd470001214b000fc790d97aae36b392
15:05:49 INFO  manager.WdListener - This is a link to screenshot with error ---> src/test/screenshots/screen-349.png
15:05:49 INFO  manager.TestNgListener - Test registrationPositive failed : org.openqa.selenium.interactions.MoveTargetOutOfBoundsException: move target out of bounds
  (Session info: chrome=115.0.5790.102)
Build info: version: '3.141.59', revision: 'e82be7d358', time: '2018-11-14T08:17:03'
System info: host: 'DESKTOP-0SQU6JC', ip: '192.168.43.58', os.name: 'Windows 11', os.arch: 'amd64', os.version: '10.0', java.version: '1.8.0_333'
Driver info: org.openqa.selenium.chrome.ChromeDriver
Capabilities {acceptInsecureCerts: false, browserName: chrome, browserVersion: 115.0.5790.102, chrome: {chromedriverVersion: 115.0.5790.102 (90efd4b0ad6..., userDataDir: C:\Users\joker\AppData\Loca...}, goog:chromeOptions: {debuggerAddress: localhost:50038}, javascriptEnabled: true, networkConnectionEnabled: false, pageLoadStrategy: normal, platform: WINDOWS, platformName: WINDOWS, proxy: Proxy(), setWindowRect: true, strictFileInteractability: false, timeouts: {implicit: 0, pageLoad: 300000, script: 30000}, unhandledPromptBehavior: dismiss and notify, webauthn:extension:credBlob: true, webauthn:extension:largeBlob: true, webauthn:extension:minPinLength: true, webauthn:extension:prf: true, webauthn:virtualAuthenticators: true}
Session ID: bd470001214b000fc790d97aae36b392
15:05:49 INFO  manager.WdListener - Start searching element ---> By.xpath: //button[.='Ok']
15:05:54 INFO  manager.WdListener - Element with locator ---> By.xpath: //button[.='Ok'] is found
15:05:54 INFO  tests.TestBase - ================================================================
15:05:54 INFO  tests.TestBase - Method registrationPositiveDTO is started
15:05:54 INFO  manager.WdListener - Start searching element ---> By.xpath: //a[.=' Logout ']
15:05:59 INFO  manager.WdListener - Element with locator ---> By.xpath: //a[.=' Logout '] is found
15:05:59 INFO  manager.TestNgListener - Test registrationPositiveDTO started
15:05:59 INFO  manager.WdListener - Start searching element ---> By.xpath: //a[.=' Sign up ']
15:05:59 INFO  manager.WdListener - Element with locator ---> By.xpath: //a[.=' Sign up '] is found
15:05:59 INFO  tests.TestBase - openRegistrationForm invoked
15:05:59 INFO  manager.WdListener - Start searching element ---> By.xpath: //input[@id='name']
15:05:59 INFO  manager.WdListener - Element with locator ---> By.xpath: //input[@id='name'] is found
15:05:59 INFO  manager.WdListener - Start searching element ---> By.xpath: //input[@id='lastName']
15:05:59 INFO  manager.WdListener - Element with locator ---> By.xpath: //input[@id='lastName'] is found
15:05:59 INFO  manager.WdListener - Start searching element ---> By.xpath: //input[@id='email']
15:05:59 INFO  manager.WdListener - Element with locator ---> By.xpath: //input[@id='email'] is found
15:05:59 INFO  manager.WdListener - Start searching element ---> By.xpath: //input[@id='password']
15:05:59 INFO  manager.WdListener - Element with locator ---> By.xpath: //input[@id='password'] is found
15:05:59 INFO  manager.WdListener - Start searching element ---> By.cssSelector: div.checkbox-container
15:05:59 INFO  manager.WdListener - Element with locator ---> By.cssSelector: div.checkbox-container is found
15:05:59 INFO  manager.WdListener - Something went wrong!
15:05:59 INFO  manager.WdListener - move target out of bounds
  (Session info: chrome=115.0.5790.102)
Build info: version: '3.141.59', revision: 'e82be7d358', time: '2018-11-14T08:17:03'
System info: host: 'DESKTOP-0SQU6JC', ip: '192.168.43.58', os.name: 'Windows 11', os.arch: 'amd64', os.version: '10.0', java.version: '1.8.0_333'
Driver info: org.openqa.selenium.chrome.ChromeDriver
Capabilities {acceptInsecureCerts: false, browserName: chrome, browserVersion: 115.0.5790.102, chrome: {chromedriverVersion: 115.0.5790.102 (90efd4b0ad6..., userDataDir: C:\Users\joker\AppData\Loca...}, goog:chromeOptions: {debuggerAddress: localhost:50038}, javascriptEnabled: true, networkConnectionEnabled: false, pageLoadStrategy: normal, platform: WINDOWS, platformName: WINDOWS, proxy: Proxy(), setWindowRect: true, strictFileInteractability: false, timeouts: {implicit: 0, pageLoad: 300000, script: 30000}, unhandledPromptBehavior: dismiss and notify, webauthn:extension:credBlob: true, webauthn:extension:largeBlob: true, webauthn:extension:minPinLength: true, webauthn:extension:prf: true, webauthn:virtualAuthenticators: true}
Session ID: bd470001214b000fc790d97aae36b392
15:05:59 INFO  manager.WdListener - org.openqa.selenium.interactions.MoveTargetOutOfBoundsException: move target out of bounds
  (Session info: chrome=115.0.5790.102)
Build info: version: '3.141.59', revision: 'e82be7d358', time: '2018-11-14T08:17:03'
System info: host: 'DESKTOP-0SQU6JC', ip: '192.168.43.58', os.name: 'Windows 11', os.arch: 'amd64', os.version: '10.0', java.version: '1.8.0_333'
Driver info: org.openqa.selenium.chrome.ChromeDriver
Capabilities {acceptInsecureCerts: false, browserName: chrome, browserVersion: 115.0.5790.102, chrome: {chromedriverVersion: 115.0.5790.102 (90efd4b0ad6..., userDataDir: C:\Users\joker\AppData\Loca...}, goog:chromeOptions: {debuggerAddress: localhost:50038}, javascriptEnabled: true, networkConnectionEnabled: false, pageLoadStrategy: normal, platform: WINDOWS, platformName: WINDOWS, proxy: Proxy(), setWindowRect: true, strictFileInteractability: false, timeouts: {implicit: 0, pageLoad: 300000, script: 30000}, unhandledPromptBehavior: dismiss and notify, webauthn:extension:credBlob: true, webauthn:extension:largeBlob: true, webauthn:extension:minPinLength: true, webauthn:extension:prf: true, webauthn:virtualAuthenticators: true}
Session ID: bd470001214b000fc790d97aae36b392
15:06:00 INFO  manager.WdListener - This is a link to screenshot with error ---> src/test/screenshots/screen-359.png
15:06:00 INFO  manager.TestNgListener - Test registrationPositiveDTO failed : org.openqa.selenium.interactions.MoveTargetOutOfBoundsException: move target out of bounds
  (Session info: chrome=115.0.5790.102)
Build info: version: '3.141.59', revision: 'e82be7d358', time: '2018-11-14T08:17:03'
System info: host: 'DESKTOP-0SQU6JC', ip: '192.168.43.58', os.name: 'Windows 11', os.arch: 'amd64', os.version: '10.0', java.version: '1.8.0_333'
Driver info: org.openqa.selenium.chrome.ChromeDriver
Capabilities {acceptInsecureCerts: false, browserName: chrome, browserVersion: 115.0.5790.102, chrome: {chromedriverVersion: 115.0.5790.102 (90efd4b0ad6..., userDataDir: C:\Users\joker\AppData\Loca...}, goog:chromeOptions: {debuggerAddress: localhost:50038}, javascriptEnabled: true, networkConnectionEnabled: false, pageLoadStrategy: normal, platform: WINDOWS, platformName: WINDOWS, proxy: Proxy(), setWindowRect: true, strictFileInteractability: false, timeouts: {implicit: 0, pageLoad: 300000, script: 30000}, unhandledPromptBehavior: dismiss and notify, webauthn:extension:credBlob: true, webauthn:extension:largeBlob: true, webauthn:extension:minPinLength: true, webauthn:extension:prf: true, webauthn:virtualAuthenticators: true}
Session ID: bd470001214b000fc790d97aae36b392
15:06:00 INFO  manager.WdListener - Start searching element ---> By.xpath: //button[.='Ok']
15:06:05 INFO  manager.WdListener - Element with locator ---> By.xpath: //button[.='Ok'] is found
15:06:05 INFO  tests.TestBase - ================================================================
15:06:05 INFO  tests.TestBase - Method registrationPositiveDTO is started
15:06:05 INFO  manager.WdListener - Start searching element ---> By.xpath: //a[.=' Logout ']
15:06:10 INFO  manager.WdListener - Element with locator ---> By.xpath: //a[.=' Logout '] is found
15:06:10 INFO  manager.TestNgListener - Test registrationPositiveDTO started
15:06:10 INFO  manager.WdListener - Start searching element ---> By.xpath: //a[.=' Sign up ']
15:06:10 INFO  manager.WdListener - Element with locator ---> By.xpath: //a[.=' Sign up '] is found
15:06:10 INFO  tests.TestBase - openRegistrationForm invoked
15:06:10 INFO  manager.WdListener - Start searching element ---> By.xpath: //input[@id='name']
15:06:10 INFO  manager.WdListener - Element with locator ---> By.xpath: //input[@id='name'] is found
15:06:10 INFO  manager.WdListener - Start searching element ---> By.xpath: //input[@id='lastName']
15:06:10 INFO  manager.WdListener - Element with locator ---> By.xpath: //input[@id='lastName'] is found
15:06:10 INFO  manager.WdListener - Start searching element ---> By.xpath: //input[@id='email']
15:06:10 INFO  manager.WdListener - Element with locator ---> By.xpath: //input[@id='email'] is found
15:06:10 INFO  manager.WdListener - Start searching element ---> By.xpath: //input[@id='password']
15:06:10 INFO  manager.WdListener - Element with locator ---> By.xpath: //input[@id='password'] is found
15:06:10 INFO  manager.WdListener - Start searching element ---> By.cssSelector: div.checkbox-container
15:06:10 INFO  manager.WdListener - Element with locator ---> By.cssSelector: div.checkbox-container is found
15:06:10 INFO  manager.WdListener - Something went wrong!
15:06:10 INFO  manager.WdListener - move target out of bounds
  (Session info: chrome=115.0.5790.102)
Build info: version: '3.141.59', revision: 'e82be7d358', time: '2018-11-14T08:17:03'
System info: host: 'DESKTOP-0SQU6JC', ip: '192.168.43.58', os.name: 'Windows 11', os.arch: 'amd64', os.version: '10.0', java.version: '1.8.0_333'
Driver info: org.openqa.selenium.chrome.ChromeDriver
Capabilities {acceptInsecureCerts: false, browserName: chrome, browserVersion: 115.0.5790.102, chrome: {chromedriverVersion: 115.0.5790.102 (90efd4b0ad6..., userDataDir: C:\Users\joker\AppData\Loca...}, goog:chromeOptions: {debuggerAddress: localhost:50038}, javascriptEnabled: true, networkConnectionEnabled: false, pageLoadStrategy: normal, platform: WINDOWS, platformName: WINDOWS, proxy: Proxy(), setWindowRect: true, strictFileInteractability: false, timeouts: {implicit: 0, pageLoad: 300000, script: 30000}, unhandledPromptBehavior: dismiss and notify, webauthn:extension:credBlob: true, webauthn:extension:largeBlob: true, webauthn:extension:minPinLength: true, webauthn:extension:prf: true, webauthn:virtualAuthenticators: true}
Session ID: bd470001214b000fc790d97aae36b392
15:06:10 INFO  manager.WdListener - org.openqa.selenium.interactions.MoveTargetOutOfBoundsException: move target out of bounds
  (Session info: chrome=115.0.5790.102)
Build info: version: '3.141.59', revision: 'e82be7d358', time: '2018-11-14T08:17:03'
System info: host: 'DESKTOP-0SQU6JC', ip: '192.168.43.58', os.name: 'Windows 11', os.arch: 'amd64', os.version: '10.0', java.version: '1.8.0_333'
Driver info: org.openqa.selenium.chrome.ChromeDriver
Capabilities {acceptInsecureCerts: false, browserName: chrome, browserVersion: 115.0.5790.102, chrome: {chromedriverVersion: 115.0.5790.102 (90efd4b0ad6..., userDataDir: C:\Users\joker\AppData\Loca...}, goog:chromeOptions: {debuggerAddress: localhost:50038}, javascriptEnabled: true, networkConnectionEnabled: false, pageLoadStrategy: normal, platform: WINDOWS, platformName: WINDOWS, proxy: Proxy(), setWindowRect: true, strictFileInteractability: false, timeouts: {implicit: 0, pageLoad: 300000, script: 30000}, unhandledPromptBehavior: dismiss and notify, webauthn:extension:credBlob: true, webauthn:extension:largeBlob: true, webauthn:extension:minPinLength: true, webauthn:extension:prf: true, webauthn:virtualAuthenticators: true}
Session ID: bd470001214b000fc790d97aae36b392
15:06:10 INFO  manager.WdListener - This is a link to screenshot with error ---> src/test/screenshots/screen-370.png
15:06:10 INFO  manager.TestNgListener - Test registrationPositiveDTO failed : org.openqa.selenium.interactions.MoveTargetOutOfBoundsException: move target out of bounds
  (Session info: chrome=115.0.5790.102)
Build info: version: '3.141.59', revision: 'e82be7d358', time: '2018-11-14T08:17:03'
System info: host: 'DESKTOP-0SQU6JC', ip: '192.168.43.58', os.name: 'Windows 11', os.arch: 'amd64', os.version: '10.0', java.version: '1.8.0_333'
Driver info: org.openqa.selenium.chrome.ChromeDriver
Capabilities {acceptInsecureCerts: false, browserName: chrome, browserVersion: 115.0.5790.102, chrome: {chromedriverVersion: 115.0.5790.102 (90efd4b0ad6..., userDataDir: C:\Users\joker\AppData\Loca...}, goog:chromeOptions: {debuggerAddress: localhost:50038}, javascriptEnabled: true, networkConnectionEnabled: false, pageLoadStrategy: normal, platform: WINDOWS, platformName: WINDOWS, proxy: Proxy(), setWindowRect: true, strictFileInteractability: false, timeouts: {implicit: 0, pageLoad: 300000, script: 30000}, unhandledPromptBehavior: dismiss and notify, webauthn:extension:credBlob: true, webauthn:extension:largeBlob: true, webauthn:extension:minPinLength: true, webauthn:extension:prf: true, webauthn:virtualAuthenticators: true}
Session ID: bd470001214b000fc790d97aae36b392
15:06:10 INFO  manager.WdListener - Start searching element ---> By.xpath: //button[.='Ok']
15:06:15 INFO  manager.WdListener - Element with locator ---> By.xpath: //button[.='Ok'] is found
15:06:15 INFO  tests.TestBase - ================================================================
15:06:15 INFO  tests.TestBase - Method registrationPositiveDTO is started
15:06:15 INFO  manager.WdListener - Start searching element ---> By.xpath: //a[.=' Logout ']
15:06:20 INFO  manager.WdListener - Element with locator ---> By.xpath: //a[.=' Logout '] is found
15:06:20 INFO  manager.TestNgListener - Test registrationPositiveDTO started
15:06:20 INFO  manager.WdListener - Start searching element ---> By.xpath: //a[.=' Sign up ']
15:06:20 INFO  manager.WdListener - Element with locator ---> By.xpath: //a[.=' Sign up '] is found
15:06:20 INFO  tests.TestBase - openRegistrationForm invoked
15:06:20 INFO  manager.WdListener - Start searching element ---> By.xpath: //input[@id='name']
15:06:20 INFO  manager.WdListener - Element with locator ---> By.xpath: //input[@id='name'] is found
15:06:21 INFO  manager.WdListener - Start searching element ---> By.xpath: //input[@id='lastName']
15:06:21 INFO  manager.WdListener - Element with locator ---> By.xpath: //input[@id='lastName'] is found
15:06:21 INFO  manager.WdListener - Start searching element ---> By.xpath: //input[@id='email']
15:06:21 INFO  manager.WdListener - Element with locator ---> By.xpath: //input[@id='email'] is found
15:06:21 INFO  manager.WdListener - Start searching element ---> By.xpath: //input[@id='password']
15:06:21 INFO  manager.WdListener - Element with locator ---> By.xpath: //input[@id='password'] is found
15:06:21 INFO  manager.WdListener - Start searching element ---> By.cssSelector: div.checkbox-container
15:06:21 INFO  manager.WdListener - Element with locator ---> By.cssSelector: div.checkbox-container is found
15:06:21 INFO  manager.WdListener - Something went wrong!
15:06:21 INFO  manager.WdListener - move target out of bounds
  (Session info: chrome=115.0.5790.102)
Build info: version: '3.141.59', revision: 'e82be7d358', time: '2018-11-14T08:17:03'
System info: host: 'DESKTOP-0SQU6JC', ip: '192.168.43.58', os.name: 'Windows 11', os.arch: 'amd64', os.version: '10.0', java.version: '1.8.0_333'
Driver info: org.openqa.selenium.chrome.ChromeDriver
Capabilities {acceptInsecureCerts: false, browserName: chrome, browserVersion: 115.0.5790.102, chrome: {chromedriverVersion: 115.0.5790.102 (90efd4b0ad6..., userDataDir: C:\Users\joker\AppData\Loca...}, goog:chromeOptions: {debuggerAddress: localhost:50038}, javascriptEnabled: true, networkConnectionEnabled: false, pageLoadStrategy: normal, platform: WINDOWS, platformName: WINDOWS, proxy: Proxy(), setWindowRect: true, strictFileInteractability: false, timeouts: {implicit: 0, pageLoad: 300000, script: 30000}, unhandledPromptBehavior: dismiss and notify, webauthn:extension:credBlob: true, webauthn:extension:largeBlob: true, webauthn:extension:minPinLength: true, webauthn:extension:prf: true, webauthn:virtualAuthenticators: true}
Session ID: bd470001214b000fc790d97aae36b392
15:06:21 INFO  manager.WdListener - org.openqa.selenium.interactions.MoveTargetOutOfBoundsException: move target out of bounds
  (Session info: chrome=115.0.5790.102)
Build info: version: '3.141.59', revision: 'e82be7d358', time: '2018-11-14T08:17:03'
System info: host: 'DESKTOP-0SQU6JC', ip: '192.168.43.58', os.name: 'Windows 11', os.arch: 'amd64', os.version: '10.0', java.version: '1.8.0_333'
Driver info: org.openqa.selenium.chrome.ChromeDriver
Capabilities {acceptInsecureCerts: false, browserName: chrome, browserVersion: 115.0.5790.102, chrome: {chromedriverVersion: 115.0.5790.102 (90efd4b0ad6..., userDataDir: C:\Users\joker\AppData\Loca...}, goog:chromeOptions: {debuggerAddress: localhost:50038}, javascriptEnabled: true, networkConnectionEnabled: false, pageLoadStrategy: normal, platform: WINDOWS, platformName: WINDOWS, proxy: Proxy(), setWindowRect: true, strictFileInteractability: false, timeouts: {implicit: 0, pageLoad: 300000, script: 30000}, unhandledPromptBehavior: dismiss and notify, webauthn:extension:credBlob: true, webauthn:extension:largeBlob: true, webauthn:extension:minPinLength: true, webauthn:extension:prf: true, webauthn:virtualAuthenticators: true}
Session ID: bd470001214b000fc790d97aae36b392
15:06:21 INFO  manager.WdListener - This is a link to screenshot with error ---> src/test/screenshots/screen-381.png
15:06:21 INFO  manager.TestNgListener - Test registrationPositiveDTO failed : org.openqa.selenium.interactions.MoveTargetOutOfBoundsException: move target out of bounds
  (Session info: chrome=115.0.5790.102)
Build info: version: '3.141.59', revision: 'e82be7d358', time: '2018-11-14T08:17:03'
System info: host: 'DESKTOP-0SQU6JC', ip: '192.168.43.58', os.name: 'Windows 11', os.arch: 'amd64', os.version: '10.0', java.version: '1.8.0_333'
Driver info: org.openqa.selenium.chrome.ChromeDriver
Capabilities {acceptInsecureCerts: false, browserName: chrome, browserVersion: 115.0.5790.102, chrome: {chromedriverVersion: 115.0.5790.102 (90efd4b0ad6..., userDataDir: C:\Users\joker\AppData\Loca...}, goog:chromeOptions: {debuggerAddress: localhost:50038}, javascriptEnabled: true, networkConnectionEnabled: false, pageLoadStrategy: normal, platform: WINDOWS, platformName: WINDOWS, proxy: Proxy(), setWindowRect: true, strictFileInteractability: false, timeouts: {implicit: 0, pageLoad: 300000, script: 30000}, unhandledPromptBehavior: dismiss and notify, webauthn:extension:credBlob: true, webauthn:extension:largeBlob: true, webauthn:extension:minPinLength: true, webauthn:extension:prf: true, webauthn:virtualAuthenticators: true}
Session ID: bd470001214b000fc790d97aae36b392
15:06:21 INFO  manager.WdListener - Start searching element ---> By.xpath: //button[.='Ok']
15:06:26 INFO  manager.WdListener - Element with locator ---> By.xpath: //button[.='Ok'] is found
15:06:26 INFO  tests.TestBase - ================================================================
15:06:26 INFO  tests.TestBase - Method registrationPositiveDTO is started
15:06:26 INFO  manager.WdListener - Start searching element ---> By.xpath: //a[.=' Logout ']
15:06:31 INFO  manager.WdListener - Element with locator ---> By.xpath: //a[.=' Logout '] is found
15:06:31 INFO  manager.TestNgListener - Test registrationPositiveDTO started
15:06:31 INFO  manager.WdListener - Start searching element ---> By.xpath: //a[.=' Sign up ']
15:06:31 INFO  manager.WdListener - Element with locator ---> By.xpath: //a[.=' Sign up '] is found
15:06:31 INFO  tests.TestBase - openRegistrationForm invoked
15:06:31 INFO  manager.WdListener - Start searching element ---> By.xpath: //input[@id='name']
15:06:31 INFO  manager.WdListener - Element with locator ---> By.xpath: //input[@id='name'] is found
15:06:31 INFO  manager.WdListener - Start searching element ---> By.xpath: //input[@id='lastName']
15:06:31 INFO  manager.WdListener - Element with locator ---> By.xpath: //input[@id='lastName'] is found
15:06:31 INFO  manager.WdListener - Start searching element ---> By.xpath: //input[@id='email']
15:06:31 INFO  manager.WdListener - Element with locator ---> By.xpath: //input[@id='email'] is found
15:06:31 INFO  manager.WdListener - Start searching element ---> By.xpath: //input[@id='password']
15:06:31 INFO  manager.WdListener - Element with locator ---> By.xpath: //input[@id='password'] is found
15:06:32 INFO  manager.WdListener - Start searching element ---> By.cssSelector: div.checkbox-container
15:06:32 INFO  manager.WdListener - Element with locator ---> By.cssSelector: div.checkbox-container is found
15:06:32 INFO  manager.WdListener - Something went wrong!
15:06:32 INFO  manager.WdListener - move target out of bounds
  (Session info: chrome=115.0.5790.102)
Build info: version: '3.141.59', revision: 'e82be7d358', time: '2018-11-14T08:17:03'
System info: host: 'DESKTOP-0SQU6JC', ip: '192.168.43.58', os.name: 'Windows 11', os.arch: 'amd64', os.version: '10.0', java.version: '1.8.0_333'
Driver info: org.openqa.selenium.chrome.ChromeDriver
Capabilities {acceptInsecureCerts: false, browserName: chrome, browserVersion: 115.0.5790.102, chrome: {chromedriverVersion: 115.0.5790.102 (90efd4b0ad6..., userDataDir: C:\Users\joker\AppData\Loca...}, goog:chromeOptions: {debuggerAddress: localhost:50038}, javascriptEnabled: true, networkConnectionEnabled: false, pageLoadStrategy: normal, platform: WINDOWS, platformName: WINDOWS, proxy: Proxy(), setWindowRect: true, strictFileInteractability: false, timeouts: {implicit: 0, pageLoad: 300000, script: 30000}, unhandledPromptBehavior: dismiss and notify, webauthn:extension:credBlob: true, webauthn:extension:largeBlob: true, webauthn:extension:minPinLength: true, webauthn:extension:prf: true, webauthn:virtualAuthenticators: true}
Session ID: bd470001214b000fc790d97aae36b392
15:06:32 INFO  manager.WdListener - org.openqa.selenium.interactions.MoveTargetOutOfBoundsException: move target out of bounds
  (Session info: chrome=115.0.5790.102)
Build info: version: '3.141.59', revision: 'e82be7d358', time: '2018-11-14T08:17:03'
System info: host: 'DESKTOP-0SQU6JC', ip: '192.168.43.58', os.name: 'Windows 11', os.arch: 'amd64', os.version: '10.0', java.version: '1.8.0_333'
Driver info: org.openqa.selenium.chrome.ChromeDriver
Capabilities {acceptInsecureCerts: false, browserName: chrome, browserVersion: 115.0.5790.102, chrome: {chromedriverVersion: 115.0.5790.102 (90efd4b0ad6..., userDataDir: C:\Users\joker\AppData\Loca...}, goog:chromeOptions: {debuggerAddress: localhost:50038}, javascriptEnabled: true, networkConnectionEnabled: false, pageLoadStrategy: normal, platform: WINDOWS, platformName: WINDOWS, proxy: Proxy(), setWindowRect: true, strictFileInteractability: false, timeouts: {implicit: 0, pageLoad: 300000, script: 30000}, unhandledPromptBehavior: dismiss and notify, webauthn:extension:credBlob: true, webauthn:extension:largeBlob: true, webauthn:extension:minPinLength: true, webauthn:extension:prf: true, webauthn:virtualAuthenticators: true}
Session ID: bd470001214b000fc790d97aae36b392
15:06:32 INFO  manager.WdListener - This is a link to screenshot with error ---> src/test/screenshots/screen-392.png
15:06:32 INFO  manager.TestNgListener - Test registrationPositiveDTO failed : org.openqa.selenium.interactions.MoveTargetOutOfBoundsException: move target out of bounds
  (Session info: chrome=115.0.5790.102)
Build info: version: '3.141.59', revision: 'e82be7d358', time: '2018-11-14T08:17:03'
System info: host: 'DESKTOP-0SQU6JC', ip: '192.168.43.58', os.name: 'Windows 11', os.arch: 'amd64', os.version: '10.0', java.version: '1.8.0_333'
Driver info: org.openqa.selenium.chrome.ChromeDriver
Capabilities {acceptInsecureCerts: false, browserName: chrome, browserVersion: 115.0.5790.102, chrome: {chromedriverVersion: 115.0.5790.102 (90efd4b0ad6..., userDataDir: C:\Users\joker\AppData\Loca...}, goog:chromeOptions: {debuggerAddress: localhost:50038}, javascriptEnabled: true, networkConnectionEnabled: false, pageLoadStrategy: normal, platform: WINDOWS, platformName: WINDOWS, proxy: Proxy(), setWindowRect: true, strictFileInteractability: false, timeouts: {implicit: 0, pageLoad: 300000, script: 30000}, unhandledPromptBehavior: dismiss and notify, webauthn:extension:credBlob: true, webauthn:extension:largeBlob: true, webauthn:extension:minPinLength: true, webauthn:extension:prf: true, webauthn:virtualAuthenticators: true}
Session ID: bd470001214b000fc790d97aae36b392
15:06:32 INFO  manager.WdListener - Start searching element ---> By.xpath: //button[.='Ok']
15:06:37 INFO  manager.WdListener - Element with locator ---> By.xpath: //button[.='Ok'] is found
15:06:37 INFO  tests.TestBase - ================================================================
15:06:37 INFO  tests.TestBase - Method registrationPositiveDTO is started
15:06:37 INFO  manager.WdListener - Start searching element ---> By.xpath: //a[.=' Logout ']
15:06:42 INFO  manager.WdListener - Element with locator ---> By.xpath: //a[.=' Logout '] is found
15:06:42 INFO  manager.TestNgListener - Test registrationPositiveDTO started
15:06:42 INFO  manager.WdListener - Start searching element ---> By.xpath: //a[.=' Sign up ']
15:06:42 INFO  manager.WdListener - Element with locator ---> By.xpath: //a[.=' Sign up '] is found
15:06:42 INFO  tests.TestBase - openRegistrationForm invoked
15:06:42 INFO  manager.WdListener - Start searching element ---> By.xpath: //input[@id='name']
15:06:42 INFO  manager.WdListener - Element with locator ---> By.xpath: //input[@id='name'] is found
15:06:42 INFO  manager.WdListener - Start searching element ---> By.xpath: //input[@id='lastName']
15:06:42 INFO  manager.WdListener - Element with locator ---> By.xpath: //input[@id='lastName'] is found
15:06:42 INFO  manager.WdListener - Start searching element ---> By.xpath: //input[@id='email']
15:06:42 INFO  manager.WdListener - Element with locator ---> By.xpath: //input[@id='email'] is found
15:06:42 INFO  manager.WdListener - Start searching element ---> By.xpath: //input[@id='password']
15:06:42 INFO  manager.WdListener - Element with locator ---> By.xpath: //input[@id='password'] is found
15:06:42 INFO  manager.WdListener - Start searching element ---> By.cssSelector: div.checkbox-container
15:06:42 INFO  manager.WdListener - Element with locator ---> By.cssSelector: div.checkbox-container is found
15:06:42 INFO  manager.WdListener - Something went wrong!
15:06:42 INFO  manager.WdListener - move target out of bounds
  (Session info: chrome=115.0.5790.102)
Build info: version: '3.141.59', revision: 'e82be7d358', time: '2018-11-14T08:17:03'
System info: host: 'DESKTOP-0SQU6JC', ip: '192.168.43.58', os.name: 'Windows 11', os.arch: 'amd64', os.version: '10.0', java.version: '1.8.0_333'
Driver info: org.openqa.selenium.chrome.ChromeDriver
Capabilities {acceptInsecureCerts: false, browserName: chrome, browserVersion: 115.0.5790.102, chrome: {chromedriverVersion: 115.0.5790.102 (90efd4b0ad6..., userDataDir: C:\Users\joker\AppData\Loca...}, goog:chromeOptions: {debuggerAddress: localhost:50038}, javascriptEnabled: true, networkConnectionEnabled: false, pageLoadStrategy: normal, platform: WINDOWS, platformName: WINDOWS, proxy: Proxy(), setWindowRect: true, strictFileInteractability: false, timeouts: {implicit: 0, pageLoad: 300000, script: 30000}, unhandledPromptBehavior: dismiss and notify, webauthn:extension:credBlob: true, webauthn:extension:largeBlob: true, webauthn:extension:minPinLength: true, webauthn:extension:prf: true, webauthn:virtualAuthenticators: true}
Session ID: bd470001214b000fc790d97aae36b392
15:06:42 INFO  manager.WdListener - org.openqa.selenium.interactions.MoveTargetOutOfBoundsException: move target out of bounds
  (Session info: chrome=115.0.5790.102)
Build info: version: '3.141.59', revision: 'e82be7d358', time: '2018-11-14T08:17:03'
System info: host: 'DESKTOP-0SQU6JC', ip: '192.168.43.58', os.name: 'Windows 11', os.arch: 'amd64', os.version: '10.0', java.version: '1.8.0_333'
Driver info: org.openqa.selenium.chrome.ChromeDriver
Capabilities {acceptInsecureCerts: false, browserName: chrome, browserVersion: 115.0.5790.102, chrome: {chromedriverVersion: 115.0.5790.102 (90efd4b0ad6..., userDataDir: C:\Users\joker\AppData\Loca...}, goog:chromeOptions: {debuggerAddress: localhost:50038}, javascriptEnabled: true, networkConnectionEnabled: false, pageLoadStrategy: normal, platform: WINDOWS, platformName: WINDOWS, proxy: Proxy(), setWindowRect: true, strictFileInteractability: false, timeouts: {implicit: 0, pageLoad: 300000, script: 30000}, unhandledPromptBehavior: dismiss and notify, webauthn:extension:credBlob: true, webauthn:extension:largeBlob: true, webauthn:extension:minPinLength: true, webauthn:extension:prf: true, webauthn:virtualAuthenticators: true}
Session ID: bd470001214b000fc790d97aae36b392
15:06:43 INFO  manager.WdListener - This is a link to screenshot with error ---> src/test/screenshots/screen-402.png
15:06:43 INFO  manager.TestNgListener - Test registrationPositiveDTO failed : org.openqa.selenium.interactions.MoveTargetOutOfBoundsException: move target out of bounds
  (Session info: chrome=115.0.5790.102)
Build info: version: '3.141.59', revision: 'e82be7d358', time: '2018-11-14T08:17:03'
System info: host: 'DESKTOP-0SQU6JC', ip: '192.168.43.58', os.name: 'Windows 11', os.arch: 'amd64', os.version: '10.0', java.version: '1.8.0_333'
Driver info: org.openqa.selenium.chrome.ChromeDriver
Capabilities {acceptInsecureCerts: false, browserName: chrome, browserVersion: 115.0.5790.102, chrome: {chromedriverVersion: 115.0.5790.102 (90efd4b0ad6..., userDataDir: C:\Users\joker\AppData\Loca...}, goog:chromeOptions: {debuggerAddress: localhost:50038}, javascriptEnabled: true, networkConnectionEnabled: false, pageLoadStrategy: normal, platform: WINDOWS, platformName: WINDOWS, proxy: Proxy(), setWindowRect: true, strictFileInteractability: false, timeouts: {implicit: 0, pageLoad: 300000, script: 30000}, unhandledPromptBehavior: dismiss and notify, webauthn:extension:credBlob: true, webauthn:extension:largeBlob: true, webauthn:extension:minPinLength: true, webauthn:extension:prf: true, webauthn:virtualAuthenticators: true}
Session ID: bd470001214b000fc790d97aae36b392
15:06:43 INFO  manager.WdListener - Start searching element ---> By.xpath: //button[.='Ok']
15:06:48 INFO  manager.WdListener - Element with locator ---> By.xpath: //button[.='Ok'] is found
15:06:48 INFO  tests.TestBase - ================================================================
