04:26:05 INFO  manager.ApplicationManager - Tests start on Chrome
04:26:08 INFO  tests.TestBase - Method registrationNegativeLastNameBlank is started
04:26:08 INFO  manager.WdListener - Start searching element ---> By.xpath: //a[.=' Logout ']
04:26:13 INFO  manager.WdListener - Element with locator ---> By.xpath: //a[.=' Logout '] is found
04:26:13 INFO  manager.TestNgListener - Test registrationNegativeLastNameBlank started
04:26:13 INFO  manager.WdListener - Start searching element ---> By.xpath: //a[.=' Sign up ']
04:26:13 INFO  manager.WdListener - Element with locator ---> By.xpath: //a[.=' Sign up '] is found
04:26:13 INFO  manager.WdListener - Start searching element ---> By.xpath: //input[@id='name']
04:26:13 INFO  manager.WdListener - Element with locator ---> By.xpath: //input[@id='name'] is found
04:26:13 INFO  manager.WdListener - Start searching element ---> By.xpath: //input[@id='lastName']
04:26:13 INFO  manager.WdListener - Element with locator ---> By.xpath: //input[@id='lastName'] is found
04:26:13 INFO  manager.WdListener - Start searching element ---> By.xpath: //input[@id='email']
04:26:13 INFO  manager.WdListener - Element with locator ---> By.xpath: //input[@id='email'] is found
04:26:13 INFO  manager.WdListener - Start searching element ---> By.xpath: //input[@id='password']
04:26:13 INFO  manager.WdListener - Element with locator ---> By.xpath: //input[@id='password'] is found
04:26:13 INFO  manager.WdListener - Start searching element ---> By.xpath: //label[contains(text(), 'I agree to the')]
04:26:13 INFO  manager.WdListener - Element with locator ---> By.xpath: //label[contains(text(), 'I agree to the')] is found
04:26:14 INFO  manager.WdListener - Start searching element ---> By.xpath: //button[@type='submit']
04:26:19 INFO  manager.WdListener - Something went wrong!
04:26:19 INFO  manager.WdListener - no such element: Unable to locate element: {"method":"xpath","selector":"//button[@type='submit']"}
  (Session info: chrome=115.0.5790.102)
For documentation on this error, please visit: https://www.seleniumhq.org/exceptions/no_such_element.html
Build info: version: '3.141.59', revision: 'e82be7d358', time: '2018-11-14T08:17:03'
System info: host: 'DESKTOP-0SQU6JC', ip: '192.168.43.58', os.name: 'Windows 11', os.arch: 'amd64', os.version: '10.0', java.version: '1.8.0_333'
Driver info: org.openqa.selenium.chrome.ChromeDriver
Capabilities {acceptInsecureCerts: false, browserName: chrome, browserVersion: 115.0.5790.102, chrome: {chromedriverVersion: 115.0.5790.102 (90efd4b0ad6..., userDataDir: C:\Users\joker\AppData\Loca...}, goog:chromeOptions: {debuggerAddress: localhost:54434}, javascriptEnabled: true, networkConnectionEnabled: false, pageLoadStrategy: normal, platform: WINDOWS, platformName: WINDOWS, proxy: Proxy(), setWindowRect: true, strictFileInteractability: false, timeouts: {implicit: 0, pageLoad: 300000, script: 30000}, unhandledPromptBehavior: dismiss and notify, webauthn:extension:credBlob: true, webauthn:extension:largeBlob: true, webauthn:extension:minPinLength: true, webauthn:extension:prf: true, webauthn:virtualAuthenticators: true}
Session ID: 817ac8bc528f332e71b3aaabb5bded88
*** Element info: {Using=xpath, value=//button[@type='submit']}
04:26:19 INFO  manager.WdListener - org.openqa.selenium.NoSuchElementException: no such element: Unable to locate element: {"method":"xpath","selector":"//button[@type='submit']"}
  (Session info: chrome=115.0.5790.102)
For documentation on this error, please visit: https://www.seleniumhq.org/exceptions/no_such_element.html
Build info: version: '3.141.59', revision: 'e82be7d358', time: '2018-11-14T08:17:03'
System info: host: 'DESKTOP-0SQU6JC', ip: '192.168.43.58', os.name: 'Windows 11', os.arch: 'amd64', os.version: '10.0', java.version: '1.8.0_333'
Driver info: org.openqa.selenium.chrome.ChromeDriver
Capabilities {acceptInsecureCerts: false, browserName: chrome, browserVersion: 115.0.5790.102, chrome: {chromedriverVersion: 115.0.5790.102 (90efd4b0ad6..., userDataDir: C:\Users\joker\AppData\Loca...}, goog:chromeOptions: {debuggerAddress: localhost:54434}, javascriptEnabled: true, networkConnectionEnabled: false, pageLoadStrategy: normal, platform: WINDOWS, platformName: WINDOWS, proxy: Proxy(), setWindowRect: true, strictFileInteractability: false, timeouts: {implicit: 0, pageLoad: 300000, script: 30000}, unhandledPromptBehavior: dismiss and notify, webauthn:extension:credBlob: true, webauthn:extension:largeBlob: true, webauthn:extension:minPinLength: true, webauthn:extension:prf: true, webauthn:virtualAuthenticators: true}
Session ID: 817ac8bc528f332e71b3aaabb5bded88
*** Element info: {Using=xpath, value=//button[@type='submit']}
04:26:19 INFO  manager.WdListener - This is a link to screenshot with error ---> src/test/screenshots/screen-1579.png
04:26:19 INFO  manager.TestNgListener - Test registrationNegativeLastNameBlank failed : org.openqa.selenium.NoSuchElementException: no such element: Unable to locate element: {"method":"xpath","selector":"//button[@type='submit']"}
  (Session info: chrome=115.0.5790.102)
For documentation on this error, please visit: https://www.seleniumhq.org/exceptions/no_such_element.html
Build info: version: '3.141.59', revision: 'e82be7d358', time: '2018-11-14T08:17:03'
System info: host: 'DESKTOP-0SQU6JC', ip: '192.168.43.58', os.name: 'Windows 11', os.arch: 'amd64', os.version: '10.0', java.version: '1.8.0_333'
Driver info: org.openqa.selenium.chrome.ChromeDriver
Capabilities {acceptInsecureCerts: false, browserName: chrome, browserVersion: 115.0.5790.102, chrome: {chromedriverVersion: 115.0.5790.102 (90efd4b0ad6..., userDataDir: C:\Users\joker\AppData\Loca...}, goog:chromeOptions: {debuggerAddress: localhost:54434}, javascriptEnabled: true, networkConnectionEnabled: false, pageLoadStrategy: normal, platform: WINDOWS, platformName: WINDOWS, proxy: Proxy(), setWindowRect: true, strictFileInteractability: false, timeouts: {implicit: 0, pageLoad: 300000, script: 30000}, unhandledPromptBehavior: dismiss and notify, webauthn:extension:credBlob: true, webauthn:extension:largeBlob: true, webauthn:extension:minPinLength: true, webauthn:extension:prf: true, webauthn:virtualAuthenticators: true}
Session ID: 817ac8bc528f332e71b3aaabb5bded88
*** Element info: {Using=xpath, value=//button[@type='submit']}
04:26:19 INFO  manager.WdListener - Start searching element ---> By.xpath: //button[.='Ok']
04:26:24 INFO  manager.WdListener - Element with locator ---> By.xpath: //button[.='Ok'] is found
04:26:24 INFO  tests.TestBase - ================================================================
